

Version:	3.50
CmdLine:	C:\Users\tsousasilva\Desktop\sorter-fx\sorterFx.exe --l4j-debug
JNI:		No
WOW64:		Yes
Working dir:	C:\Users\tsousasilva\Desktop\sorter-fx\.
Requires JDK:	No
Requires 64-Bit: No
Java min ver:	1.022.000_002
Java max ver:	
Substitute:	PATH = C:\Program Files\Common Files\Oracle\Java\javapath;C:\Program Files\Eclipse Adoptium\jdk-8.0.412.8-hotspot\bin;C:\Program Files (x86)\Common Files\Oracle\Java\javapath;C:\Windows\system32;C:\Windows;C:\Windows\System32\Wbem;C:\Windows\System32\WindowsPowerShell\v1.0\;C:\Windows\System32\OpenSSH\;C:\Program Files\Git\cmd;C:\Program Files\PuTTY\;C:\php-7.4.33-nts-Win32-vc15-x64\php.exe;C:\Program Files\SourceGear\Common\DiffMerge\;C:\MinGW\bin;C:\Maven\apache-maven-3.9.8\bin;C:\Java\jdk22\bin;C:\Program Files\Docker\Docker\resources\bin;C:\Program Files\dotnet\;C:\Program Files (x86)\WiX Toolset v3.14\bin;C:\Users\tsousasilva\AppData\Local\Microsoft\WindowsApps;C:\Users\tsousasilva\AppData\Local\Programs\Microsoft VS Code\bin;C:\Users\tsousasilva\.dotnet\tools;C:\Java\jdk22\\bin
JRE paths:	C:\Java\jdk22;C:\Program Files\Common Files\Oracle\Java\javapath;C:\Program Files\Eclipse Adoptium\jdk-8.0.412.8-hotspot\bin;C:\Program Files (x86)\Common Files\Oracle\Java\javapath;C:\Windows\system32;C:\Windows;C:\Windows\System32\Wbem;C:\Windows\System32\WindowsPowerShell\v1.0\;C:\Windows\System32\OpenSSH\;C:\Program Files\Git\cmd;C:\Program Files\PuTTY\;C:\php-7.4.33-nts-Win32-vc15-x64\php.exe;C:\Program Files\SourceGear\Common\DiffMerge\;C:\MinGW\bin;C:\Maven\apache-maven-3.9.8\bin;C:\Java\jdk22\bin;C:\Program Files\Docker\Docker\resources\bin;C:\Program Files\dotnet\;C:\Program Files (x86)\WiX Toolset v3.14\bin;C:\Users\tsousasilva\AppData\Local\Microsoft\WindowsApps;C:\Users\tsousasilva\AppData\Local\Programs\Microsoft VS Code\bin;C:\Users\tsousasilva\.dotnet\tools;C:\Java\jdk22\\bin;
Check launcher:	C:\Java\jdk22\bin\javaw.exe (OK)
Version string: 1.022.000_002 / 64-Bit (OK)
Launcher:	C:\Java\jdk22\bin\javaw.exe
Launcher args:	--module-path C:/Java/javafx-sdk-22.0.2/lib --add-modules javafx.controls,javafx.fxml  -jar "C:\Users\tsousasilva\Desktop\sorter-fx\sorterFx.exe"
Args length:	145/32768 chars
Exit code:	0


Version:	3.50
CmdLine:	C:\Users\tsousasilva\Desktop\projects\sorter-fx\1.0.0\sorterFx.exe --l4j-debug
JNI:		No
WOW64:		Yes
Working dir:	C:\Users\tsousasilva\Desktop\projects\sorter-fx\1.0.0\.
Requires JDK:	No
Requires 64-Bit: No
Java min ver:	1.022.000_002
Java max ver:	
Substitute:	PATH = C:\Program Files\Common Files\Oracle\Java\javapath;C:\Program Files\Eclipse Adoptium\jdk-8.0.412.8-hotspot\bin;C:\Program Files (x86)\Common Files\Oracle\Java\javapath;C:\Windows\system32;C:\Windows;C:\Windows\System32\Wbem;C:\Windows\System32\WindowsPowerShell\v1.0\;C:\Windows\System32\OpenSSH\;C:\Program Files\Git\cmd;C:\Program Files\PuTTY\;C:\php-7.4.33-nts-Win32-vc15-x64\php.exe;C:\Program Files\SourceGear\Common\DiffMerge\;C:\MinGW\bin;C:\Maven\apache-maven-3.9.8\bin;C:\Java\jdk22\bin;C:\Program Files\Docker\Docker\resources\bin;C:\Program Files\dotnet\;C:\Program Files (x86)\WiX Toolset v3.14\bin;C:\Users\tsousasilva\AppData\Local\Microsoft\WindowsApps;C:\Users\tsousasilva\AppData\Local\Programs\Microsoft VS Code\bin;C:\Users\tsousasilva\.dotnet\tools;C:\Java\jdk22\\bin
JRE paths:	C:\Java\jdk22;C:\Program Files\Common Files\Oracle\Java\javapath;C:\Program Files\Eclipse Adoptium\jdk-8.0.412.8-hotspot\bin;C:\Program Files (x86)\Common Files\Oracle\Java\javapath;C:\Windows\system32;C:\Windows;C:\Windows\System32\Wbem;C:\Windows\System32\WindowsPowerShell\v1.0\;C:\Windows\System32\OpenSSH\;C:\Program Files\Git\cmd;C:\Program Files\PuTTY\;C:\php-7.4.33-nts-Win32-vc15-x64\php.exe;C:\Program Files\SourceGear\Common\DiffMerge\;C:\MinGW\bin;C:\Maven\apache-maven-3.9.8\bin;C:\Java\jdk22\bin;C:\Program Files\Docker\Docker\resources\bin;C:\Program Files\dotnet\;C:\Program Files (x86)\WiX Toolset v3.14\bin;C:\Users\tsousasilva\AppData\Local\Microsoft\WindowsApps;C:\Users\tsousasilva\AppData\Local\Programs\Microsoft VS Code\bin;C:\Users\tsousasilva\.dotnet\tools;C:\Java\jdk22\\bin;
Check launcher:	C:\Java\jdk22\bin\javaw.exe (OK)
Version string: 1.022.000_002 / 64-Bit (OK)
Launcher:	C:\Java\jdk22\bin\javaw.exe
Launcher args:	--module-path C:/Java/javafx-sdk-22.0.2/lib --add-modules javafx.controls,javafx.fxml  -jar "C:\Users\tsousasilva\Desktop\projects\sorter-fx\1.0.0\sorterFx.exe"
Args length:	160/32768 chars
Exit code:	0


Version:	3.50
CmdLine:	C:\Users\tsousasilva\Desktop\projects\sorter-fx\2.0.0\sorterFx.exe --l4j-debug
JNI:		No
WOW64:		Yes
Working dir:	C:\Users\tsousasilva\Desktop\projects\sorter-fx\2.0.0\.
Requires JDK:	No
Requires 64-Bit: No
Java min ver:	1.022.000_002
Java max ver:	
Substitute:	PATH = C:\Windows\system32;C:\Windows;C:\Windows\System32\Wbem;C:\Windows\System32\WindowsPowerShell\v1.0\;C:\Windows\System32\OpenSSH\;C:\Program Files\PuTTY\;C:\php-7.4.33-nts-Win32-vc15-x64\php.exe;C:\Program Files\SourceGear\Common\DiffMerge\;C:\Maven\apache-maven-3.9.8\bin;C:\MinGW\bin;C:\Program Files\dotnet\;C:\Program Files (x86)\WiX Toolset v3.14\bin;C:\Program Files\Git\cmd;C:\Java\jdk22\bin;C:\Java\jdk11\bin;C:\Java\jdk08\bin;C:\Users\tsousasilva\AppData\Local\Android\Sdk\platform-tools;C:\Users\tsousasilva\AppData\Local\Microsoft\WindowsApps;C:\Users\tsousasilva\AppData\Local\Programs\Microsoft VS Code\bin;C:\Users\tsousasilva\.dotnet\tools;C:\Java\jdk22\bin
JRE paths:	C:\Java\jdk22;C:\Windows\system32;C:\Windows;C:\Windows\System32\Wbem;C:\Windows\System32\WindowsPowerShell\v1.0\;C:\Windows\System32\OpenSSH\;C:\Program Files\PuTTY\;C:\php-7.4.33-nts-Win32-vc15-x64\php.exe;C:\Program Files\SourceGear\Common\DiffMerge\;C:\Maven\apache-maven-3.9.8\bin;C:\MinGW\bin;C:\Program Files\dotnet\;C:\Program Files (x86)\WiX Toolset v3.14\bin;C:\Program Files\Git\cmd;C:\Java\jdk22\bin;C:\Java\jdk11\bin;C:\Java\jdk08\bin;C:\Users\tsousasilva\AppData\Local\Android\Sdk\platform-tools;C:\Users\tsousasilva\AppData\Local\Microsoft\WindowsApps;C:\Users\tsousasilva\AppData\Local\Programs\Microsoft VS Code\bin;C:\Users\tsousasilva\.dotnet\tools;C:\Java\jdk22\bin;
Check launcher:	C:\Java\jdk22\bin\javaw.exe (OK)
Version string: 1.022.000_002 / 64-Bit (OK)
Launcher:	C:\Java\jdk22\bin\javaw.exe
Launcher args:	--module-path C:/Java/javafx-sdk-22.0.2/lib --add-modules javafx.controls,javafx.fxml --enable-preview -XX:+ShowCodeDetailsInExceptionMessages -cp "C:\\Users\\tsousasilva\\.m2\\repository\\org\\openjfx\\javafx-controls\\22.0.2\\javafx-controls-22.0.2.jar;C:\\Users\\tsousasilva\\.m2\\repository\\org\\openjfx\\javafx-graphics\\22.0.2\\javafx-graphics-22.0.2.jar;C:\\Users\\tsousasilva\\.m2\\repository\\org\\openjfx\\javafx-base\\22.0.2\\javafx-base-22.0.2.jar;C:\\Users\\tsousasilva\\.m2\\repository\\org\\openjfx\\javafx-fxml\\22.0.2\\javafx-fxml-22.0.2.jar;C:\\Users\\tsousasilva\\.m2\\repository\\org\\openjfx\\javafx-swing\\22.0.2\\javafx-swing-22.0.2.jar;C:\\Users\\tsousasilva\\.m2\\repository\\com\\github\\virtuald\\curvesapi\\1.07\\curvesapi-1.07.jar;C:\\Users\\tsousasilva\\.m2\\repository\\commons-logging\\commons-logging\\1.2\\commons-logging-1.2.jar;C:\\Users\\tsousasilva\\.m2\\repository\\org\\apache\\commons\\commons-lang3\\3.12.0\\commons-lang3-3.12.0.jar;C:\\Users\\tsousasilva\\.m2\\repository\\org\\apache\\commons\\commons-text\\1.9\\commons-text-1.9.jar;C:\\Users\\tsousasilva\\.m2\\repository\\commons-beanutils\\commons-beanutils\\1.9.4\\commons-beanutils-1.9.4.jar;C:\\Users\\tsousasilva\\.m2\\repository\\commons-collections\\commons-collections\\3.2.2\\commons-collections-3.2.2.jar;C:\\Users\\tsousasilva\\.m2\\repository\\com\\twelvemonkeys\\imageio\\imageio-metadata\\3.11.0\\imageio-metadata-3.11.0.jar;C:\\Users\\tsousasilva\\.m2\\repository\\com\\twelvemonkeys\\common\\common-lang\\3.11.0\\common-lang-3.11.0.jar;C:\\Users\\tsousasilva\\.m2\\repository\\com\\twelvemonkeys\\common\\common-io\\3.11.0\\common-io-3.11.0.jar;C:\\Users\\tsousasilva\\.m2\\repository\\com\\twelvemonkeys\\common\\common-image\\3.11.0\\common-image-3.11.0.jar;C:\\Users\\tsousasilva\\.m2\\repository\\com\\twelvemonkeys\\imageio\\imageio-core\\3.11.0\\imageio-core-3.11.0.jar" --module-path "C:\\Users\\tsousasilva\\.m2\\repository\\org\\openjfx\\javafx-controls\\22.0.2\\javafx-controls-22.0.2-win.jar;C:\\Users\\tsousasilva\\.m2\\repository\\org\\openjfx\\javafx-graphics\\22.0.2\\javafx-graphics-22.0.2-win.jar;C:\\Users\\tsousasilva\\.m2\\repository\\org\\openjfx\\javafx-base\\22.0.2\\javafx-base-22.0.2-win.jar;C:\\Users\\tsousasilva\\.m2\\repository\\org\\openjfx\\javafx-fxml\\22.0.2\\javafx-fxml-22.0.2-win.jar;C:\\Users\\tsousasilva\\.m2\\repository\\org\\openjfx\\javafx-swing\\22.0.2\\javafx-swing-22.0.2-win.jar;C:\\Users\\tsousasilva\\.m2\\repository\\org\\apache\\poi\\poi\\5.2.3\\poi-5.2.3.jar;C:\\Users\\tsousasilva\\.m2\\repository\\commons-codec\\commons-codec\\1.15\\commons-codec-1.15.jar;C:\\Users\\tsousasilva\\.m2\\repository\\org\\apache\\commons\\commons-collections4\\4.4\\commons-collections4-4.4.jar;C:\\Users\\tsousasilva\\.m2\\repository\\org\\apache\\commons\\commons-math3\\3.6.1\\commons-math3-3.6.1.jar;C:\\Users\\tsousasilva\\.m2\\repository\\commons-io\\commons-io\\2.11.0\\commons-io-2.11.0.jar;C:\\Users\\tsousasilva\\.m2\\repository\\com\\zaxxer\\SparseBitSet\\1.2\\SparseBitSet-1.2.jar;C:\\Users\\tsousasilva\\.m2\\repository\\org\\apache\\logging\\log4j\\log4j-api\\2.18.0\\log4j-api-2.18.0.jar;C:\\Users\\tsousasilva\\.m2\\repository\\org\\apache\\poi\\poi-ooxml\\5.2.3\\poi-ooxml-5.2.3.jar;C:\\Users\\tsousasilva\\.m2\\repository\\org\\apache\\poi\\poi-ooxml-lite\\5.2.3\\poi-ooxml-lite-5.2.3.jar;C:\\Users\\tsousasilva\\.m2\\repository\\org\\apache\\commons\\commons-compress\\1.21\\commons-compress-1.21.jar;C:\\Users\\tsousasilva\\.m2\\repository\\org\\apache\\xmlbeans\\xmlbeans\\5.1.1\\xmlbeans-5.1.1.jar;C:\\Users\\tsousasilva\\.m2\\repository\\org\\apache\\pdfbox\\pdfbox\\2.0.27\\pdfbox-2.0.27.jar;C:\\Users\\tsousasilva\\.m2\\repository\\org\\apache\\pdfbox\\fontbox\\2.0.27\\fontbox-2.0.27.jar;C:\\Users\\tsousasilva\\.m2\\repository\\com\\google\\code\\gson\\gson\\2.10.1\\gson-2.10.1.jar;C:\\Users\\tsousasilva\\.m2\\repository\\com\\opencsv\\opencsv\\5.6\\opencsv-5.6.jar;C:\\Users\\tsousasilva\\.m2\\repository\\com\\twelvemonkeys\\imageio\\imageio-tiff\\3.11.0\\imageio-tiff-3.11.0.jar" -jar "C:\Users\tsousasilva\Desktop\projects\sorter-fx\2.0.0\sorterFx.exe"
Args length:	4133/32768 chars
Exit code:	0


Version:	3.50
CmdLine:	C:\Users\tsousasilva\Desktop\projects\sorter-fx\2.0.0\sorterFx.exe --l4j-debug
JNI:		No
WOW64:		Yes
Working dir:	C:\Users\tsousasilva\Desktop\projects\sorter-fx\2.0.0\.
Requires JDK:	No
Requires 64-Bit: No
Java min ver:	1.022.000_002
Java max ver:	
Substitute:	PATH = C:\Windows\system32;C:\Windows;C:\Windows\System32\Wbem;C:\Windows\System32\WindowsPowerShell\v1.0\;C:\Windows\System32\OpenSSH\;C:\Program Files\PuTTY\;C:\php-7.4.33-nts-Win32-vc15-x64\php.exe;C:\Program Files\SourceGear\Common\DiffMerge\;C:\Maven\apache-maven-3.9.8\bin;C:\MinGW\bin;C:\Program Files\dotnet\;C:\Program Files (x86)\WiX Toolset v3.14\bin;C:\Program Files\Git\cmd;C:\Java\jdk22\bin;C:\Java\jdk11\bin;C:\Java\jdk08\bin;C:\Users\tsousasilva\AppData\Local\Android\Sdk\platform-tools;C:\Users\tsousasilva\AppData\Local\Microsoft\WindowsApps;C:\Users\tsousasilva\AppData\Local\Programs\Microsoft VS Code\bin;C:\Users\tsousasilva\.dotnet\tools;C:\Java\jdk22\bin
JRE paths:	C:\Java\jdk22;C:\Windows\system32;C:\Windows;C:\Windows\System32\Wbem;C:\Windows\System32\WindowsPowerShell\v1.0\;C:\Windows\System32\OpenSSH\;C:\Program Files\PuTTY\;C:\php-7.4.33-nts-Win32-vc15-x64\php.exe;C:\Program Files\SourceGear\Common\DiffMerge\;C:\Maven\apache-maven-3.9.8\bin;C:\MinGW\bin;C:\Program Files\dotnet\;C:\Program Files (x86)\WiX Toolset v3.14\bin;C:\Program Files\Git\cmd;C:\Java\jdk22\bin;C:\Java\jdk11\bin;C:\Java\jdk08\bin;C:\Users\tsousasilva\AppData\Local\Android\Sdk\platform-tools;C:\Users\tsousasilva\AppData\Local\Microsoft\WindowsApps;C:\Users\tsousasilva\AppData\Local\Programs\Microsoft VS Code\bin;C:\Users\tsousasilva\.dotnet\tools;C:\Java\jdk22\bin;
Check launcher:	C:\Java\jdk22\bin\javaw.exe (OK)
Version string: 1.022.000_002 / 64-Bit (OK)
Launcher:	C:\Java\jdk22\bin\javaw.exe
Launcher args:	--module-path C:/Java/javafx-sdk-22.0.2/lib --add-modules javafx.controls,javafx.fxml --enable-preview -XX:+ShowCodeDetailsInExceptionMessages -cp "C:\\Users\\tsousasilva\\.m2\\repository\\org\\openjfx\\javafx-controls\\22.0.2\\javafx-controls-22.0.2.jar;C:\\Users\\tsousasilva\\.m2\\repository\\org\\openjfx\\javafx-graphics\\22.0.2\\javafx-graphics-22.0.2.jar;C:\\Users\\tsousasilva\\.m2\\repository\\org\\openjfx\\javafx-base\\22.0.2\\javafx-base-22.0.2.jar;C:\\Users\\tsousasilva\\.m2\\repository\\org\\openjfx\\javafx-fxml\\22.0.2\\javafx-fxml-22.0.2.jar;C:\\Users\\tsousasilva\\.m2\\repository\\org\\openjfx\\javafx-swing\\22.0.2\\javafx-swing-22.0.2.jar;C:\\Users\\tsousasilva\\.m2\\repository\\com\\github\\virtuald\\curvesapi\\1.07\\curvesapi-1.07.jar;C:\\Users\\tsousasilva\\.m2\\repository\\commons-logging\\commons-logging\\1.2\\commons-logging-1.2.jar;C:\\Users\\tsousasilva\\.m2\\repository\\org\\apache\\commons\\commons-lang3\\3.12.0\\commons-lang3-3.12.0.jar;C:\\Users\\tsousasilva\\.m2\\repository\\org\\apache\\commons\\commons-text\\1.9\\commons-text-1.9.jar;C:\\Users\\tsousasilva\\.m2\\repository\\commons-beanutils\\commons-beanutils\\1.9.4\\commons-beanutils-1.9.4.jar;C:\\Users\\tsousasilva\\.m2\\repository\\commons-collections\\commons-collections\\3.2.2\\commons-collections-3.2.2.jar;C:\\Users\\tsousasilva\\.m2\\repository\\com\\twelvemonkeys\\imageio\\imageio-metadata\\3.11.0\\imageio-metadata-3.11.0.jar;C:\\Users\\tsousasilva\\.m2\\repository\\com\\twelvemonkeys\\common\\common-lang\\3.11.0\\common-lang-3.11.0.jar;C:\\Users\\tsousasilva\\.m2\\repository\\com\\twelvemonkeys\\common\\common-io\\3.11.0\\common-io-3.11.0.jar;C:\\Users\\tsousasilva\\.m2\\repository\\com\\twelvemonkeys\\common\\common-image\\3.11.0\\common-image-3.11.0.jar;C:\\Users\\tsousasilva\\.m2\\repository\\com\\twelvemonkeys\\imageio\\imageio-core\\3.11.0\\imageio-core-3.11.0.jar" --module-path "C:\\Users\\tsousasilva\\.m2\\repository\\org\\openjfx\\javafx-controls\\22.0.2\\javafx-controls-22.0.2-win.jar;C:\\Users\\tsousasilva\\.m2\\repository\\org\\openjfx\\javafx-graphics\\22.0.2\\javafx-graphics-22.0.2-win.jar;C:\\Users\\tsousasilva\\.m2\\repository\\org\\openjfx\\javafx-base\\22.0.2\\javafx-base-22.0.2-win.jar;C:\\Users\\tsousasilva\\.m2\\repository\\org\\openjfx\\javafx-fxml\\22.0.2\\javafx-fxml-22.0.2-win.jar;C:\\Users\\tsousasilva\\.m2\\repository\\org\\openjfx\\javafx-swing\\22.0.2\\javafx-swing-22.0.2-win.jar;C:\\Users\\tsousasilva\\.m2\\repository\\org\\apache\\poi\\poi\\5.2.3\\poi-5.2.3.jar;C:\\Users\\tsousasilva\\.m2\\repository\\commons-codec\\commons-codec\\1.15\\commons-codec-1.15.jar;C:\\Users\\tsousasilva\\.m2\\repository\\org\\apache\\commons\\commons-collections4\\4.4\\commons-collections4-4.4.jar;C:\\Users\\tsousasilva\\.m2\\repository\\org\\apache\\commons\\commons-math3\\3.6.1\\commons-math3-3.6.1.jar;C:\\Users\\tsousasilva\\.m2\\repository\\commons-io\\commons-io\\2.11.0\\commons-io-2.11.0.jar;C:\\Users\\tsousasilva\\.m2\\repository\\com\\zaxxer\\SparseBitSet\\1.2\\SparseBitSet-1.2.jar;C:\\Users\\tsousasilva\\.m2\\repository\\org\\apache\\logging\\log4j\\log4j-api\\2.18.0\\log4j-api-2.18.0.jar;C:\\Users\\tsousasilva\\.m2\\repository\\org\\apache\\poi\\poi-ooxml\\5.2.3\\poi-ooxml-5.2.3.jar;C:\\Users\\tsousasilva\\.m2\\repository\\org\\apache\\poi\\poi-ooxml-lite\\5.2.3\\poi-ooxml-lite-5.2.3.jar;C:\\Users\\tsousasilva\\.m2\\repository\\org\\apache\\commons\\commons-compress\\1.21\\commons-compress-1.21.jar;C:\\Users\\tsousasilva\\.m2\\repository\\org\\apache\\xmlbeans\\xmlbeans\\5.1.1\\xmlbeans-5.1.1.jar;C:\\Users\\tsousasilva\\.m2\\repository\\org\\apache\\pdfbox\\pdfbox\\2.0.27\\pdfbox-2.0.27.jar;C:\\Users\\tsousasilva\\.m2\\repository\\org\\apache\\pdfbox\\fontbox\\2.0.27\\fontbox-2.0.27.jar;C:\\Users\\tsousasilva\\.m2\\repository\\com\\google\\code\\gson\\gson\\2.10.1\\gson-2.10.1.jar;C:\\Users\\tsousasilva\\.m2\\repository\\com\\opencsv\\opencsv\\5.6\\opencsv-5.6.jar;C:\\Users\\tsousasilva\\.m2\\repository\\com\\twelvemonkeys\\imageio\\imageio-tiff\\3.11.0\\imageio-tiff-3.11.0.jar" -jar "C:\Users\tsousasilva\Desktop\projects\sorter-fx\2.0.0\sorterFx.exe"
Args length:	4133/32768 chars
Exit code:	0


Version:	3.50
CmdLine:	C:\Users\tsousasilva\Desktop\projects\sorter-fx\2.0.0\sorterFx.exe --l4j-debug
JNI:		No
WOW64:		Yes
Working dir:	C:\Users\tsousasilva\Desktop\projects\sorter-fx\2.0.0\.
Requires JDK:	No
Requires 64-Bit: No
Java min ver:	1.022.000_002
Java max ver:	
Substitute:	PATH = C:\Windows\system32;C:\Windows;C:\Windows\System32\Wbem;C:\Windows\System32\WindowsPowerShell\v1.0\;C:\Windows\System32\OpenSSH\;C:\Program Files\PuTTY\;C:\php-7.4.33-nts-Win32-vc15-x64\php.exe;C:\Program Files\SourceGear\Common\DiffMerge\;C:\Maven\apache-maven-3.9.8\bin;C:\MinGW\bin;C:\Program Files\dotnet\;C:\Program Files (x86)\WiX Toolset v3.14\bin;C:\Program Files\Git\cmd;C:\Java\jdk22\bin;C:\Java\jdk11\bin;C:\Java\jdk08\bin;C:\Users\tsousasilva\AppData\Local\Android\Sdk\platform-tools;C:\Users\tsousasilva\AppData\Local\Microsoft\WindowsApps;C:\Users\tsousasilva\AppData\Local\Programs\Microsoft VS Code\bin;C:\Users\tsousasilva\.dotnet\tools;C:\Java\jdk22\bin
JRE paths:	C:\Java\jdk22;C:\Windows\system32;C:\Windows;C:\Windows\System32\Wbem;C:\Windows\System32\WindowsPowerShell\v1.0\;C:\Windows\System32\OpenSSH\;C:\Program Files\PuTTY\;C:\php-7.4.33-nts-Win32-vc15-x64\php.exe;C:\Program Files\SourceGear\Common\DiffMerge\;C:\Maven\apache-maven-3.9.8\bin;C:\MinGW\bin;C:\Program Files\dotnet\;C:\Program Files (x86)\WiX Toolset v3.14\bin;C:\Program Files\Git\cmd;C:\Java\jdk22\bin;C:\Java\jdk11\bin;C:\Java\jdk08\bin;C:\Users\tsousasilva\AppData\Local\Android\Sdk\platform-tools;C:\Users\tsousasilva\AppData\Local\Microsoft\WindowsApps;C:\Users\tsousasilva\AppData\Local\Programs\Microsoft VS Code\bin;C:\Users\tsousasilva\.dotnet\tools;C:\Java\jdk22\bin;
Check launcher:	C:\Java\jdk22\bin\javaw.exe (OK)
Version string: 1.022.000_002 / 64-Bit (OK)
Main class:	app/app.App
Add classpath:	C:\Users\tsousasilva\Desktop\projects\sorter-fx\2.0.0\
Launcher:	C:\Java\jdk22\bin\javaw.exe
Launcher args:	--module-path C:/Java/javafx-sdk-22.0.2/lib --add-modules javafx.controls,javafx.fxml --enable-preview -XX:+ShowCodeDetailsInExceptionMessages -cp "C:\\Users\\tsousasilva\\.m2\\repository\\org\\openjfx\\javafx-controls\\22.0.2\\javafx-controls-22.0.2.jar;C:\\Users\\tsousasilva\\.m2\\repository\\org\\openjfx\\javafx-graphics\\22.0.2\\javafx-graphics-22.0.2.jar;C:\\Users\\tsousasilva\\.m2\\repository\\org\\openjfx\\javafx-base\\22.0.2\\javafx-base-22.0.2.jar;C:\\Users\\tsousasilva\\.m2\\repository\\org\\openjfx\\javafx-fxml\\22.0.2\\javafx-fxml-22.0.2.jar;C:\\Users\\tsousasilva\\.m2\\repository\\org\\openjfx\\javafx-swing\\22.0.2\\javafx-swing-22.0.2.jar;C:\\Users\\tsousasilva\\.m2\\repository\\com\\github\\virtuald\\curvesapi\\1.07\\curvesapi-1.07.jar;C:\\Users\\tsousasilva\\.m2\\repository\\commons-logging\\commons-logging\\1.2\\commons-logging-1.2.jar;C:\\Users\\tsousasilva\\.m2\\repository\\org\\apache\\commons\\commons-lang3\\3.12.0\\commons-lang3-3.12.0.jar;C:\\Users\\tsousasilva\\.m2\\repository\\org\\apache\\commons\\commons-text\\1.9\\commons-text-1.9.jar;C:\\Users\\tsousasilva\\.m2\\repository\\commons-beanutils\\commons-beanutils\\1.9.4\\commons-beanutils-1.9.4.jar;C:\\Users\\tsousasilva\\.m2\\repository\\commons-collections\\commons-collections\\3.2.2\\commons-collections-3.2.2.jar;C:\\Users\\tsousasilva\\.m2\\repository\\com\\twelvemonkeys\\imageio\\imageio-metadata\\3.11.0\\imageio-metadata-3.11.0.jar;C:\\Users\\tsousasilva\\.m2\\repository\\com\\twelvemonkeys\\common\\common-lang\\3.11.0\\common-lang-3.11.0.jar;C:\\Users\\tsousasilva\\.m2\\repository\\com\\twelvemonkeys\\common\\common-io\\3.11.0\\common-io-3.11.0.jar;C:\\Users\\tsousasilva\\.m2\\repository\\com\\twelvemonkeys\\common\\common-image\\3.11.0\\common-image-3.11.0.jar;C:\\Users\\tsousasilva\\.m2\\repository\\com\\twelvemonkeys\\imageio\\imageio-core\\3.11.0\\imageio-core-3.11.0.jar" --module-path "C:\\Users\\tsousasilva\\.m2\\repository\\org\\openjfx\\javafx-controls\\22.0.2\\javafx-controls-22.0.2-win.jar;C:\\Users\\tsousasilva\\.m2\\repository\\org\\openjfx\\javafx-graphics\\22.0.2\\javafx-graphics-22.0.2-win.jar;C:\\Users\\tsousasilva\\.m2\\repository\\org\\openjfx\\javafx-base\\22.0.2\\javafx-base-22.0.2-win.jar;C:\\Users\\tsousasilva\\.m2\\repository\\org\\openjfx\\javafx-fxml\\22.0.2\\javafx-fxml-22.0.2-win.jar;C:\\Users\\tsousasilva\\.m2\\repository\\org\\openjfx\\javafx-swing\\22.0.2\\javafx-swing-22.0.2-win.jar;C:\\Users\\tsousasilva\\.m2\\repository\\org\\apache\\poi\\poi\\5.2.3\\poi-5.2.3.jar;C:\\Users\\tsousasilva\\.m2\\repository\\commons-codec\\commons-codec\\1.15\\commons-codec-1.15.jar;C:\\Users\\tsousasilva\\.m2\\repository\\org\\apache\\commons\\commons-collections4\\4.4\\commons-collections4-4.4.jar;C:\\Users\\tsousasilva\\.m2\\repository\\org\\apache\\commons\\commons-math3\\3.6.1\\commons-math3-3.6.1.jar;C:\\Users\\tsousasilva\\.m2\\repository\\commons-io\\commons-io\\2.11.0\\commons-io-2.11.0.jar;C:\\Users\\tsousasilva\\.m2\\repository\\com\\zaxxer\\SparseBitSet\\1.2\\SparseBitSet-1.2.jar;C:\\Users\\tsousasilva\\.m2\\repository\\org\\apache\\logging\\log4j\\log4j-api\\2.18.0\\log4j-api-2.18.0.jar;C:\\Users\\tsousasilva\\.m2\\repository\\org\\apache\\poi\\poi-ooxml\\5.2.3\\poi-ooxml-5.2.3.jar;C:\\Users\\tsousasilva\\.m2\\repository\\org\\apache\\poi\\poi-ooxml-lite\\5.2.3\\poi-ooxml-lite-5.2.3.jar;C:\\Users\\tsousasilva\\.m2\\repository\\org\\apache\\commons\\commons-compress\\1.21\\commons-compress-1.21.jar;C:\\Users\\tsousasilva\\.m2\\repository\\org\\apache\\xmlbeans\\xmlbeans\\5.1.1\\xmlbeans-5.1.1.jar;C:\\Users\\tsousasilva\\.m2\\repository\\org\\apache\\pdfbox\\pdfbox\\2.0.27\\pdfbox-2.0.27.jar;C:\\Users\\tsousasilva\\.m2\\repository\\org\\apache\\pdfbox\\fontbox\\2.0.27\\fontbox-2.0.27.jar;C:\\Users\\tsousasilva\\.m2\\repository\\com\\google\\code\\gson\\gson\\2.10.1\\gson-2.10.1.jar;C:\\Users\\tsousasilva\\.m2\\repository\\com\\opencsv\\opencsv\\5.6\\opencsv-5.6.jar;C:\\Users\\tsousasilva\\.m2\\repository\\com\\twelvemonkeys\\imageio\\imageio-tiff\\3.11.0\\imageio-tiff-3.11.0.jar" -classpath "C:\Users\tsousasilva\Desktop\projects\sorter-fx\2.0.0\sorterFx.exe;C:\Users\tsousasilva\Desktop\projects\sorter-fx\2.0.0\" app/app.App
Args length:	4206/32768 chars
Exit code:	0


Version:	3.50
CmdLine:	C:\Users\tsousasilva\Desktop\projects\sorter-fx\2.0.0\sorterFx.exe --l4j-debug
JNI:		No
WOW64:		Yes
Working dir:	C:\Users\tsousasilva\Desktop\projects\sorter-fx\2.0.0\.
Requires JDK:	No
Requires 64-Bit: No
Java min ver:	1.022.000_002
Java max ver:	
Substitute:	PATH = C:\Windows\system32;C:\Windows;C:\Windows\System32\Wbem;C:\Windows\System32\WindowsPowerShell\v1.0\;C:\Windows\System32\OpenSSH\;C:\Program Files\PuTTY\;C:\php-7.4.33-nts-Win32-vc15-x64\php.exe;C:\Program Files\SourceGear\Common\DiffMerge\;C:\Maven\apache-maven-3.9.8\bin;C:\MinGW\bin;C:\Program Files\dotnet\;C:\Program Files (x86)\WiX Toolset v3.14\bin;C:\Program Files\Git\cmd;C:\Java\jdk22\bin;C:\Java\jdk11\bin;C:\Java\jdk08\bin;C:\Users\tsousasilva\AppData\Local\Android\Sdk\platform-tools;C:\Users\tsousasilva\AppData\Local\Microsoft\WindowsApps;C:\Users\tsousasilva\AppData\Local\Programs\Microsoft VS Code\bin;C:\Users\tsousasilva\.dotnet\tools;C:\Java\jdk22\bin
JRE paths:	C:\Java\jdk22;C:\Windows\system32;C:\Windows;C:\Windows\System32\Wbem;C:\Windows\System32\WindowsPowerShell\v1.0\;C:\Windows\System32\OpenSSH\;C:\Program Files\PuTTY\;C:\php-7.4.33-nts-Win32-vc15-x64\php.exe;C:\Program Files\SourceGear\Common\DiffMerge\;C:\Maven\apache-maven-3.9.8\bin;C:\MinGW\bin;C:\Program Files\dotnet\;C:\Program Files (x86)\WiX Toolset v3.14\bin;C:\Program Files\Git\cmd;C:\Java\jdk22\bin;C:\Java\jdk11\bin;C:\Java\jdk08\bin;C:\Users\tsousasilva\AppData\Local\Android\Sdk\platform-tools;C:\Users\tsousasilva\AppData\Local\Microsoft\WindowsApps;C:\Users\tsousasilva\AppData\Local\Programs\Microsoft VS Code\bin;C:\Users\tsousasilva\.dotnet\tools;C:\Java\jdk22\bin;
Check launcher:	C:\Java\jdk22\bin\javaw.exe (OK)
Version string: 1.022.000_002 / 64-Bit (OK)
Main class:	app/app.App
Add classpath:	C:\Users\tsousasilva\Desktop\projects\sorter-fx\2.0.0\
Launcher:	C:\Java\jdk22\bin\javaw.exe
Launcher args:	--module-path C:/Java/javafx-sdk-22.0.2/lib --add-modules javafx.controls,javafx.fxml --enable-preview -XX:+ShowCodeDetailsInExceptionMessages -cp "C:\\Users\\tsousasilva\\.m2\\repository\\org\\openjfx\\javafx-controls\\22.0.2\\javafx-controls-22.0.2.jar;C:\\Users\\tsousasilva\\.m2\\repository\\org\\openjfx\\javafx-graphics\\22.0.2\\javafx-graphics-22.0.2.jar;C:\\Users\\tsousasilva\\.m2\\repository\\org\\openjfx\\javafx-base\\22.0.2\\javafx-base-22.0.2.jar;C:\\Users\\tsousasilva\\.m2\\repository\\org\\openjfx\\javafx-fxml\\22.0.2\\javafx-fxml-22.0.2.jar;C:\\Users\\tsousasilva\\.m2\\repository\\org\\openjfx\\javafx-swing\\22.0.2\\javafx-swing-22.0.2.jar;C:\\Users\\tsousasilva\\.m2\\repository\\com\\github\\virtuald\\curvesapi\\1.07\\curvesapi-1.07.jar;C:\\Users\\tsousasilva\\.m2\\repository\\commons-logging\\commons-logging\\1.2\\commons-logging-1.2.jar;C:\\Users\\tsousasilva\\.m2\\repository\\org\\apache\\commons\\commons-lang3\\3.12.0\\commons-lang3-3.12.0.jar;C:\\Users\\tsousasilva\\.m2\\repository\\org\\apache\\commons\\commons-text\\1.9\\commons-text-1.9.jar;C:\\Users\\tsousasilva\\.m2\\repository\\commons-beanutils\\commons-beanutils\\1.9.4\\commons-beanutils-1.9.4.jar;C:\\Users\\tsousasilva\\.m2\\repository\\commons-collections\\commons-collections\\3.2.2\\commons-collections-3.2.2.jar;C:\\Users\\tsousasilva\\.m2\\repository\\com\\twelvemonkeys\\imageio\\imageio-metadata\\3.11.0\\imageio-metadata-3.11.0.jar;C:\\Users\\tsousasilva\\.m2\\repository\\com\\twelvemonkeys\\common\\common-lang\\3.11.0\\common-lang-3.11.0.jar;C:\\Users\\tsousasilva\\.m2\\repository\\com\\twelvemonkeys\\common\\common-io\\3.11.0\\common-io-3.11.0.jar;C:\\Users\\tsousasilva\\.m2\\repository\\com\\twelvemonkeys\\common\\common-image\\3.11.0\\common-image-3.11.0.jar;C:\\Users\\tsousasilva\\.m2\\repository\\com\\twelvemonkeys\\imageio\\imageio-core\\3.11.0\\imageio-core-3.11.0.jar" --module-path "C:\\Users\\tsousasilva\\.m2\\repository\\org\\openjfx\\javafx-controls\\22.0.2\\javafx-controls-22.0.2-win.jar;C:\\Users\\tsousasilva\\.m2\\repository\\org\\openjfx\\javafx-graphics\\22.0.2\\javafx-graphics-22.0.2-win.jar;C:\\Users\\tsousasilva\\.m2\\repository\\org\\openjfx\\javafx-base\\22.0.2\\javafx-base-22.0.2-win.jar;C:\\Users\\tsousasilva\\.m2\\repository\\org\\openjfx\\javafx-fxml\\22.0.2\\javafx-fxml-22.0.2-win.jar;C:\\Users\\tsousasilva\\.m2\\repository\\org\\openjfx\\javafx-swing\\22.0.2\\javafx-swing-22.0.2-win.jar;C:\\Users\\tsousasilva\\.m2\\repository\\org\\apache\\poi\\poi\\5.2.3\\poi-5.2.3.jar;C:\\Users\\tsousasilva\\.m2\\repository\\commons-codec\\commons-codec\\1.15\\commons-codec-1.15.jar;C:\\Users\\tsousasilva\\.m2\\repository\\org\\apache\\commons\\commons-collections4\\4.4\\commons-collections4-4.4.jar;C:\\Users\\tsousasilva\\.m2\\repository\\org\\apache\\commons\\commons-math3\\3.6.1\\commons-math3-3.6.1.jar;C:\\Users\\tsousasilva\\.m2\\repository\\commons-io\\commons-io\\2.11.0\\commons-io-2.11.0.jar;C:\\Users\\tsousasilva\\.m2\\repository\\com\\zaxxer\\SparseBitSet\\1.2\\SparseBitSet-1.2.jar;C:\\Users\\tsousasilva\\.m2\\repository\\org\\apache\\logging\\log4j\\log4j-api\\2.18.0\\log4j-api-2.18.0.jar;C:\\Users\\tsousasilva\\.m2\\repository\\org\\apache\\poi\\poi-ooxml\\5.2.3\\poi-ooxml-5.2.3.jar;C:\\Users\\tsousasilva\\.m2\\repository\\org\\apache\\poi\\poi-ooxml-lite\\5.2.3\\poi-ooxml-lite-5.2.3.jar;C:\\Users\\tsousasilva\\.m2\\repository\\org\\apache\\commons\\commons-compress\\1.21\\commons-compress-1.21.jar;C:\\Users\\tsousasilva\\.m2\\repository\\org\\apache\\xmlbeans\\xmlbeans\\5.1.1\\xmlbeans-5.1.1.jar;C:\\Users\\tsousasilva\\.m2\\repository\\org\\apache\\pdfbox\\pdfbox\\2.0.27\\pdfbox-2.0.27.jar;C:\\Users\\tsousasilva\\.m2\\repository\\org\\apache\\pdfbox\\fontbox\\2.0.27\\fontbox-2.0.27.jar;C:\\Users\\tsousasilva\\.m2\\repository\\com\\google\\code\\gson\\gson\\2.10.1\\gson-2.10.1.jar;C:\\Users\\tsousasilva\\.m2\\repository\\com\\opencsv\\opencsv\\5.6\\opencsv-5.6.jar;C:\\Users\\tsousasilva\\.m2\\repository\\com\\twelvemonkeys\\imageio\\imageio-tiff\\3.11.0\\imageio-tiff-3.11.0.jar" -classpath "C:\Users\tsousasilva\Desktop\projects\sorter-fx\2.0.0\sorterFx.exe;C:\Users\tsousasilva\Desktop\projects\sorter-fx\2.0.0\" app/app.App
Args length:	4206/32768 chars
Exit code:	0


Version:	3.50
CmdLine:	C:\Users\tsousasilva\Desktop\projects\sorter-fx\2.0.0\sorterFx.exe --l4j-debug
JNI:		No
WOW64:		Yes
Working dir:	C:\Users\tsousasilva\Desktop\projects\sorter-fx\2.0.0\.
Requires JDK:	No
Requires 64-Bit: No
Java min ver:	1.022.000_002
Java max ver:	
Substitute:	PATH = C:\Windows\system32;C:\Windows;C:\Windows\System32\Wbem;C:\Windows\System32\WindowsPowerShell\v1.0\;C:\Windows\System32\OpenSSH\;C:\Program Files\PuTTY\;C:\php-7.4.33-nts-Win32-vc15-x64\php.exe;C:\Program Files\SourceGear\Common\DiffMerge\;C:\Maven\apache-maven-3.9.8\bin;C:\MinGW\bin;C:\Program Files\dotnet\;C:\Program Files (x86)\WiX Toolset v3.14\bin;C:\Program Files\Git\cmd;C:\Java\jdk22\bin;C:\Java\jdk11\bin;C:\Java\jdk08\bin;C:\Users\tsousasilva\AppData\Local\Android\Sdk\platform-tools;C:\Users\tsousasilva\AppData\Local\Microsoft\WindowsApps;C:\Users\tsousasilva\AppData\Local\Programs\Microsoft VS Code\bin;C:\Users\tsousasilva\.dotnet\tools;C:\Java\jdk22\bin
JRE paths:	C:\Java\jdk22;C:\Windows\system32;C:\Windows;C:\Windows\System32\Wbem;C:\Windows\System32\WindowsPowerShell\v1.0\;C:\Windows\System32\OpenSSH\;C:\Program Files\PuTTY\;C:\php-7.4.33-nts-Win32-vc15-x64\php.exe;C:\Program Files\SourceGear\Common\DiffMerge\;C:\Maven\apache-maven-3.9.8\bin;C:\MinGW\bin;C:\Program Files\dotnet\;C:\Program Files (x86)\WiX Toolset v3.14\bin;C:\Program Files\Git\cmd;C:\Java\jdk22\bin;C:\Java\jdk11\bin;C:\Java\jdk08\bin;C:\Users\tsousasilva\AppData\Local\Android\Sdk\platform-tools;C:\Users\tsousasilva\AppData\Local\Microsoft\WindowsApps;C:\Users\tsousasilva\AppData\Local\Programs\Microsoft VS Code\bin;C:\Users\tsousasilva\.dotnet\tools;C:\Java\jdk22\bin;
Check launcher:	C:\Java\jdk22\bin\javaw.exe (OK)
Version string: 1.022.000_002 / 64-Bit (OK)
Main class:	app/app.App
Add classpath:	C:\Users\tsousasilva\Desktop\projects\sorter-fx\2.0.0\
Launcher:	C:\Java\jdk22\bin\javaw.exe
Launcher args:	--module-path C:/Java/javafx-sdk-22.0.2/lib --add-modules javafx.controls,javafx.fxml --enable-preview -XX:+ShowCodeDetailsInExceptionMessages -cp "C:\\Users\\tsousasilva\\.m2\\repository\\org\\openjfx\\javafx-controls\\22.0.2\\javafx-controls-22.0.2.jar;C:\\Users\\tsousasilva\\.m2\\repository\\org\\openjfx\\javafx-graphics\\22.0.2\\javafx-graphics-22.0.2.jar;C:\\Users\\tsousasilva\\.m2\\repository\\org\\openjfx\\javafx-base\\22.0.2\\javafx-base-22.0.2.jar;C:\\Users\\tsousasilva\\.m2\\repository\\org\\openjfx\\javafx-fxml\\22.0.2\\javafx-fxml-22.0.2.jar;C:\\Users\\tsousasilva\\.m2\\repository\\org\\openjfx\\javafx-swing\\22.0.2\\javafx-swing-22.0.2.jar;C:\\Users\\tsousasilva\\.m2\\repository\\com\\github\\virtuald\\curvesapi\\1.07\\curvesapi-1.07.jar;C:\\Users\\tsousasilva\\.m2\\repository\\commons-logging\\commons-logging\\1.2\\commons-logging-1.2.jar;C:\\Users\\tsousasilva\\.m2\\repository\\org\\apache\\commons\\commons-lang3\\3.12.0\\commons-lang3-3.12.0.jar;C:\\Users\\tsousasilva\\.m2\\repository\\org\\apache\\commons\\commons-text\\1.9\\commons-text-1.9.jar;C:\\Users\\tsousasilva\\.m2\\repository\\commons-beanutils\\commons-beanutils\\1.9.4\\commons-beanutils-1.9.4.jar;C:\\Users\\tsousasilva\\.m2\\repository\\commons-collections\\commons-collections\\3.2.2\\commons-collections-3.2.2.jar;C:\\Users\\tsousasilva\\.m2\\repository\\com\\twelvemonkeys\\imageio\\imageio-metadata\\3.11.0\\imageio-metadata-3.11.0.jar;C:\\Users\\tsousasilva\\.m2\\repository\\com\\twelvemonkeys\\common\\common-lang\\3.11.0\\common-lang-3.11.0.jar;C:\\Users\\tsousasilva\\.m2\\repository\\com\\twelvemonkeys\\common\\common-io\\3.11.0\\common-io-3.11.0.jar;C:\\Users\\tsousasilva\\.m2\\repository\\com\\twelvemonkeys\\common\\common-image\\3.11.0\\common-image-3.11.0.jar;C:\\Users\\tsousasilva\\.m2\\repository\\com\\twelvemonkeys\\imageio\\imageio-core\\3.11.0\\imageio-core-3.11.0.jar" --module-path "C:\\Users\\tsousasilva\\.m2\\repository\\org\\openjfx\\javafx-controls\\22.0.2\\javafx-controls-22.0.2-win.jar;C:\\Users\\tsousasilva\\.m2\\repository\\org\\openjfx\\javafx-graphics\\22.0.2\\javafx-graphics-22.0.2-win.jar;C:\\Users\\tsousasilva\\.m2\\repository\\org\\openjfx\\javafx-base\\22.0.2\\javafx-base-22.0.2-win.jar;C:\\Users\\tsousasilva\\.m2\\repository\\org\\openjfx\\javafx-fxml\\22.0.2\\javafx-fxml-22.0.2-win.jar;C:\\Users\\tsousasilva\\.m2\\repository\\org\\openjfx\\javafx-swing\\22.0.2\\javafx-swing-22.0.2-win.jar;C:\\Users\\tsousasilva\\.m2\\repository\\org\\apache\\poi\\poi\\5.2.3\\poi-5.2.3.jar;C:\\Users\\tsousasilva\\.m2\\repository\\commons-codec\\commons-codec\\1.15\\commons-codec-1.15.jar;C:\\Users\\tsousasilva\\.m2\\repository\\org\\apache\\commons\\commons-collections4\\4.4\\commons-collections4-4.4.jar;C:\\Users\\tsousasilva\\.m2\\repository\\org\\apache\\commons\\commons-math3\\3.6.1\\commons-math3-3.6.1.jar;C:\\Users\\tsousasilva\\.m2\\repository\\commons-io\\commons-io\\2.11.0\\commons-io-2.11.0.jar;C:\\Users\\tsousasilva\\.m2\\repository\\com\\zaxxer\\SparseBitSet\\1.2\\SparseBitSet-1.2.jar;C:\\Users\\tsousasilva\\.m2\\repository\\org\\apache\\logging\\log4j\\log4j-api\\2.18.0\\log4j-api-2.18.0.jar;C:\\Users\\tsousasilva\\.m2\\repository\\org\\apache\\poi\\poi-ooxml\\5.2.3\\poi-ooxml-5.2.3.jar;C:\\Users\\tsousasilva\\.m2\\repository\\org\\apache\\poi\\poi-ooxml-lite\\5.2.3\\poi-ooxml-lite-5.2.3.jar;C:\\Users\\tsousasilva\\.m2\\repository\\org\\apache\\commons\\commons-compress\\1.21\\commons-compress-1.21.jar;C:\\Users\\tsousasilva\\.m2\\repository\\org\\apache\\xmlbeans\\xmlbeans\\5.1.1\\xmlbeans-5.1.1.jar;C:\\Users\\tsousasilva\\.m2\\repository\\org\\apache\\pdfbox\\pdfbox\\2.0.27\\pdfbox-2.0.27.jar;C:\\Users\\tsousasilva\\.m2\\repository\\org\\apache\\pdfbox\\fontbox\\2.0.27\\fontbox-2.0.27.jar;C:\\Users\\tsousasilva\\.m2\\repository\\com\\google\\code\\gson\\gson\\2.10.1\\gson-2.10.1.jar;C:\\Users\\tsousasilva\\.m2\\repository\\com\\opencsv\\opencsv\\5.6\\opencsv-5.6.jar;C:\\Users\\tsousasilva\\.m2\\repository\\com\\twelvemonkeys\\imageio\\imageio-tiff\\3.11.0\\imageio-tiff-3.11.0.jar" -classpath "C:\Users\tsousasilva\Desktop\projects\sorter-fx\2.0.0\sorterFx.exe;C:\Users\tsousasilva\Desktop\projects\sorter-fx\2.0.0\" app/app.App
Args length:	4206/32768 chars
Exit code:	0


Version:	3.50
CmdLine:	C:\Users\tsousasilva\Desktop\projects\sorter-fx\2.0.0\sorterFx.exe --l4j-debug
JNI:		No
WOW64:		Yes
Working dir:	C:\Users\tsousasilva\Desktop\projects\sorter-fx\2.0.0\.
Requires JDK:	No
Requires 64-Bit: No
Java min ver:	1.022.000_002
Java max ver:	
Substitute:	PATH = C:\Windows\system32;C:\Windows;C:\Windows\System32\Wbem;C:\Windows\System32\WindowsPowerShell\v1.0\;C:\Windows\System32\OpenSSH\;C:\Program Files\PuTTY\;C:\php-7.4.33-nts-Win32-vc15-x64\php.exe;C:\Program Files\SourceGear\Common\DiffMerge\;C:\Maven\apache-maven-3.9.8\bin;C:\MinGW\bin;C:\Program Files\dotnet\;C:\Program Files (x86)\WiX Toolset v3.14\bin;C:\Program Files\Git\cmd;C:\Java\jdk22\bin;C:\Java\jdk11\bin;C:\Java\jdk08\bin;C:\Users\tsousasilva\AppData\Local\Android\Sdk\platform-tools;C:\Users\tsousasilva\AppData\Local\Microsoft\WindowsApps;C:\Users\tsousasilva\AppData\Local\Programs\Microsoft VS Code\bin;C:\Users\tsousasilva\.dotnet\tools;C:\Java\jdk22\bin
JRE paths:	C:\Java\jdk22;C:\Windows\system32;C:\Windows;C:\Windows\System32\Wbem;C:\Windows\System32\WindowsPowerShell\v1.0\;C:\Windows\System32\OpenSSH\;C:\Program Files\PuTTY\;C:\php-7.4.33-nts-Win32-vc15-x64\php.exe;C:\Program Files\SourceGear\Common\DiffMerge\;C:\Maven\apache-maven-3.9.8\bin;C:\MinGW\bin;C:\Program Files\dotnet\;C:\Program Files (x86)\WiX Toolset v3.14\bin;C:\Program Files\Git\cmd;C:\Java\jdk22\bin;C:\Java\jdk11\bin;C:\Java\jdk08\bin;C:\Users\tsousasilva\AppData\Local\Android\Sdk\platform-tools;C:\Users\tsousasilva\AppData\Local\Microsoft\WindowsApps;C:\Users\tsousasilva\AppData\Local\Programs\Microsoft VS Code\bin;C:\Users\tsousasilva\.dotnet\tools;C:\Java\jdk22\bin;
Check launcher:	C:\Java\jdk22\bin\javaw.exe (OK)
Version string: 1.022.000_002 / 64-Bit (OK)
Main class:	app/app.App
Add classpath:	C:\Users\tsousasilva\Desktop\projects\sorter-fx\2.0.0\target\classes
Launcher:	C:\Java\jdk22\bin\javaw.exe
Launcher args:	--module-path C:/Java/javafx-sdk-22.0.2/lib --add-modules javafx.controls,javafx.fxml --enable-preview -XX:+ShowCodeDetailsInExceptionMessages -cp "C:\\Users\\tsousasilva\\.m2\\repository\\org\\openjfx\\javafx-controls\\22.0.2\\javafx-controls-22.0.2.jar;C:\\Users\\tsousasilva\\.m2\\repository\\org\\openjfx\\javafx-graphics\\22.0.2\\javafx-graphics-22.0.2.jar;C:\\Users\\tsousasilva\\.m2\\repository\\org\\openjfx\\javafx-base\\22.0.2\\javafx-base-22.0.2.jar;C:\\Users\\tsousasilva\\.m2\\repository\\org\\openjfx\\javafx-fxml\\22.0.2\\javafx-fxml-22.0.2.jar;C:\\Users\\tsousasilva\\.m2\\repository\\org\\openjfx\\javafx-swing\\22.0.2\\javafx-swing-22.0.2.jar;C:\\Users\\tsousasilva\\.m2\\repository\\com\\github\\virtuald\\curvesapi\\1.07\\curvesapi-1.07.jar;C:\\Users\\tsousasilva\\.m2\\repository\\commons-logging\\commons-logging\\1.2\\commons-logging-1.2.jar;C:\\Users\\tsousasilva\\.m2\\repository\\org\\apache\\commons\\commons-lang3\\3.12.0\\commons-lang3-3.12.0.jar;C:\\Users\\tsousasilva\\.m2\\repository\\org\\apache\\commons\\commons-text\\1.9\\commons-text-1.9.jar;C:\\Users\\tsousasilva\\.m2\\repository\\commons-beanutils\\commons-beanutils\\1.9.4\\commons-beanutils-1.9.4.jar;C:\\Users\\tsousasilva\\.m2\\repository\\commons-collections\\commons-collections\\3.2.2\\commons-collections-3.2.2.jar;C:\\Users\\tsousasilva\\.m2\\repository\\com\\twelvemonkeys\\imageio\\imageio-metadata\\3.11.0\\imageio-metadata-3.11.0.jar;C:\\Users\\tsousasilva\\.m2\\repository\\com\\twelvemonkeys\\common\\common-lang\\3.11.0\\common-lang-3.11.0.jar;C:\\Users\\tsousasilva\\.m2\\repository\\com\\twelvemonkeys\\common\\common-io\\3.11.0\\common-io-3.11.0.jar;C:\\Users\\tsousasilva\\.m2\\repository\\com\\twelvemonkeys\\common\\common-image\\3.11.0\\common-image-3.11.0.jar;C:\\Users\\tsousasilva\\.m2\\repository\\com\\twelvemonkeys\\imageio\\imageio-core\\3.11.0\\imageio-core-3.11.0.jar" --module-path "C:\\Users\\tsousasilva\\.m2\\repository\\org\\openjfx\\javafx-controls\\22.0.2\\javafx-controls-22.0.2-win.jar;C:\\Users\\tsousasilva\\.m2\\repository\\org\\openjfx\\javafx-graphics\\22.0.2\\javafx-graphics-22.0.2-win.jar;C:\\Users\\tsousasilva\\.m2\\repository\\org\\openjfx\\javafx-base\\22.0.2\\javafx-base-22.0.2-win.jar;C:\\Users\\tsousasilva\\.m2\\repository\\org\\openjfx\\javafx-fxml\\22.0.2\\javafx-fxml-22.0.2-win.jar;C:\\Users\\tsousasilva\\.m2\\repository\\org\\openjfx\\javafx-swing\\22.0.2\\javafx-swing-22.0.2-win.jar;C:\\Users\\tsousasilva\\.m2\\repository\\org\\apache\\poi\\poi\\5.2.3\\poi-5.2.3.jar;C:\\Users\\tsousasilva\\.m2\\repository\\commons-codec\\commons-codec\\1.15\\commons-codec-1.15.jar;C:\\Users\\tsousasilva\\.m2\\repository\\org\\apache\\commons\\commons-collections4\\4.4\\commons-collections4-4.4.jar;C:\\Users\\tsousasilva\\.m2\\repository\\org\\apache\\commons\\commons-math3\\3.6.1\\commons-math3-3.6.1.jar;C:\\Users\\tsousasilva\\.m2\\repository\\commons-io\\commons-io\\2.11.0\\commons-io-2.11.0.jar;C:\\Users\\tsousasilva\\.m2\\repository\\com\\zaxxer\\SparseBitSet\\1.2\\SparseBitSet-1.2.jar;C:\\Users\\tsousasilva\\.m2\\repository\\org\\apache\\logging\\log4j\\log4j-api\\2.18.0\\log4j-api-2.18.0.jar;C:\\Users\\tsousasilva\\.m2\\repository\\org\\apache\\poi\\poi-ooxml\\5.2.3\\poi-ooxml-5.2.3.jar;C:\\Users\\tsousasilva\\.m2\\repository\\org\\apache\\poi\\poi-ooxml-lite\\5.2.3\\poi-ooxml-lite-5.2.3.jar;C:\\Users\\tsousasilva\\.m2\\repository\\org\\apache\\commons\\commons-compress\\1.21\\commons-compress-1.21.jar;C:\\Users\\tsousasilva\\.m2\\repository\\org\\apache\\xmlbeans\\xmlbeans\\5.1.1\\xmlbeans-5.1.1.jar;C:\\Users\\tsousasilva\\.m2\\repository\\org\\apache\\pdfbox\\pdfbox\\2.0.27\\pdfbox-2.0.27.jar;C:\\Users\\tsousasilva\\.m2\\repository\\org\\apache\\pdfbox\\fontbox\\2.0.27\\fontbox-2.0.27.jar;C:\\Users\\tsousasilva\\.m2\\repository\\com\\google\\code\\gson\\gson\\2.10.1\\gson-2.10.1.jar;C:\\Users\\tsousasilva\\.m2\\repository\\com\\opencsv\\opencsv\\5.6\\opencsv-5.6.jar;C:\\Users\\tsousasilva\\.m2\\repository\\com\\twelvemonkeys\\imageio\\imageio-tiff\\3.11.0\\imageio-tiff-3.11.0.jar" -classpath "C:\Users\tsousasilva\Desktop\projects\sorter-fx\2.0.0\sorterFx.exe;C:\Users\tsousasilva\Desktop\projects\sorter-fx\2.0.0\target\classes" app/app.App
Args length:	4220/32768 chars
Exit code:	0


Version:	3.50
CmdLine:	C:\Users\tsousasilva\Desktop\projects\sorter-fx\2.0.0\sorterFx.exe --l4j-debug
JNI:		No
WOW64:		Yes
Working dir:	C:\Users\tsousasilva\Desktop\projects\sorter-fx\2.0.0\.
Requires JDK:	No
Requires 64-Bit: No
Java min ver:	1.022.000_002
Java max ver:	
Substitute:	PATH = C:\Windows\system32;C:\Windows;C:\Windows\System32\Wbem;C:\Windows\System32\WindowsPowerShell\v1.0\;C:\Windows\System32\OpenSSH\;C:\Program Files\PuTTY\;C:\php-7.4.33-nts-Win32-vc15-x64\php.exe;C:\Program Files\SourceGear\Common\DiffMerge\;C:\Maven\apache-maven-3.9.8\bin;C:\MinGW\bin;C:\Program Files\dotnet\;C:\Program Files (x86)\WiX Toolset v3.14\bin;C:\Program Files\Git\cmd;C:\Java\jdk22\bin;C:\Java\jdk11\bin;C:\Java\jdk08\bin;C:\Users\tsousasilva\AppData\Local\Android\Sdk\platform-tools;C:\Users\tsousasilva\AppData\Local\Microsoft\WindowsApps;C:\Users\tsousasilva\AppData\Local\Programs\Microsoft VS Code\bin;C:\Users\tsousasilva\.dotnet\tools;C:\Java\jdk22\bin
JRE paths:	C:\Java\jdk22;C:\Windows\system32;C:\Windows;C:\Windows\System32\Wbem;C:\Windows\System32\WindowsPowerShell\v1.0\;C:\Windows\System32\OpenSSH\;C:\Program Files\PuTTY\;C:\php-7.4.33-nts-Win32-vc15-x64\php.exe;C:\Program Files\SourceGear\Common\DiffMerge\;C:\Maven\apache-maven-3.9.8\bin;C:\MinGW\bin;C:\Program Files\dotnet\;C:\Program Files (x86)\WiX Toolset v3.14\bin;C:\Program Files\Git\cmd;C:\Java\jdk22\bin;C:\Java\jdk11\bin;C:\Java\jdk08\bin;C:\Users\tsousasilva\AppData\Local\Android\Sdk\platform-tools;C:\Users\tsousasilva\AppData\Local\Microsoft\WindowsApps;C:\Users\tsousasilva\AppData\Local\Programs\Microsoft VS Code\bin;C:\Users\tsousasilva\.dotnet\tools;C:\Java\jdk22\bin;
Check launcher:	C:\Java\jdk22\bin\javaw.exe (OK)
Version string: 1.022.000_002 / 64-Bit (OK)
Main class:	app.App
Add classpath:	C:\Users\tsousasilva\Desktop\projects\sorter-fx\2.0.0\target\classes
Launcher:	C:\Java\jdk22\bin\javaw.exe
Launcher args:	--module-path C:/Java/javafx-sdk-22.0.2/lib --add-modules javafx.controls,javafx.fxml --enable-preview -XX:+ShowCodeDetailsInExceptionMessages -cp "C:\\Users\\tsousasilva\\.m2\\repository\\org\\openjfx\\javafx-controls\\22.0.2\\javafx-controls-22.0.2.jar;C:\\Users\\tsousasilva\\.m2\\repository\\org\\openjfx\\javafx-graphics\\22.0.2\\javafx-graphics-22.0.2.jar;C:\\Users\\tsousasilva\\.m2\\repository\\org\\openjfx\\javafx-base\\22.0.2\\javafx-base-22.0.2.jar;C:\\Users\\tsousasilva\\.m2\\repository\\org\\openjfx\\javafx-fxml\\22.0.2\\javafx-fxml-22.0.2.jar;C:\\Users\\tsousasilva\\.m2\\repository\\org\\openjfx\\javafx-swing\\22.0.2\\javafx-swing-22.0.2.jar;C:\\Users\\tsousasilva\\.m2\\repository\\com\\github\\virtuald\\curvesapi\\1.07\\curvesapi-1.07.jar;C:\\Users\\tsousasilva\\.m2\\repository\\commons-logging\\commons-logging\\1.2\\commons-logging-1.2.jar;C:\\Users\\tsousasilva\\.m2\\repository\\org\\apache\\commons\\commons-lang3\\3.12.0\\commons-lang3-3.12.0.jar;C:\\Users\\tsousasilva\\.m2\\repository\\org\\apache\\commons\\commons-text\\1.9\\commons-text-1.9.jar;C:\\Users\\tsousasilva\\.m2\\repository\\commons-beanutils\\commons-beanutils\\1.9.4\\commons-beanutils-1.9.4.jar;C:\\Users\\tsousasilva\\.m2\\repository\\commons-collections\\commons-collections\\3.2.2\\commons-collections-3.2.2.jar;C:\\Users\\tsousasilva\\.m2\\repository\\com\\twelvemonkeys\\imageio\\imageio-metadata\\3.11.0\\imageio-metadata-3.11.0.jar;C:\\Users\\tsousasilva\\.m2\\repository\\com\\twelvemonkeys\\common\\common-lang\\3.11.0\\common-lang-3.11.0.jar;C:\\Users\\tsousasilva\\.m2\\repository\\com\\twelvemonkeys\\common\\common-io\\3.11.0\\common-io-3.11.0.jar;C:\\Users\\tsousasilva\\.m2\\repository\\com\\twelvemonkeys\\common\\common-image\\3.11.0\\common-image-3.11.0.jar;C:\\Users\\tsousasilva\\.m2\\repository\\com\\twelvemonkeys\\imageio\\imageio-core\\3.11.0\\imageio-core-3.11.0.jar" --module-path "C:\\Users\\tsousasilva\\.m2\\repository\\org\\openjfx\\javafx-controls\\22.0.2\\javafx-controls-22.0.2-win.jar;C:\\Users\\tsousasilva\\.m2\\repository\\org\\openjfx\\javafx-graphics\\22.0.2\\javafx-graphics-22.0.2-win.jar;C:\\Users\\tsousasilva\\.m2\\repository\\org\\openjfx\\javafx-base\\22.0.2\\javafx-base-22.0.2-win.jar;C:\\Users\\tsousasilva\\.m2\\repository\\org\\openjfx\\javafx-fxml\\22.0.2\\javafx-fxml-22.0.2-win.jar;C:\\Users\\tsousasilva\\.m2\\repository\\org\\openjfx\\javafx-swing\\22.0.2\\javafx-swing-22.0.2-win.jar;C:\\Users\\tsousasilva\\.m2\\repository\\org\\apache\\poi\\poi\\5.2.3\\poi-5.2.3.jar;C:\\Users\\tsousasilva\\.m2\\repository\\commons-codec\\commons-codec\\1.15\\commons-codec-1.15.jar;C:\\Users\\tsousasilva\\.m2\\repository\\org\\apache\\commons\\commons-collections4\\4.4\\commons-collections4-4.4.jar;C:\\Users\\tsousasilva\\.m2\\repository\\org\\apache\\commons\\commons-math3\\3.6.1\\commons-math3-3.6.1.jar;C:\\Users\\tsousasilva\\.m2\\repository\\commons-io\\commons-io\\2.11.0\\commons-io-2.11.0.jar;C:\\Users\\tsousasilva\\.m2\\repository\\com\\zaxxer\\SparseBitSet\\1.2\\SparseBitSet-1.2.jar;C:\\Users\\tsousasilva\\.m2\\repository\\org\\apache\\logging\\log4j\\log4j-api\\2.18.0\\log4j-api-2.18.0.jar;C:\\Users\\tsousasilva\\.m2\\repository\\org\\apache\\poi\\poi-ooxml\\5.2.3\\poi-ooxml-5.2.3.jar;C:\\Users\\tsousasilva\\.m2\\repository\\org\\apache\\poi\\poi-ooxml-lite\\5.2.3\\poi-ooxml-lite-5.2.3.jar;C:\\Users\\tsousasilva\\.m2\\repository\\org\\apache\\commons\\commons-compress\\1.21\\commons-compress-1.21.jar;C:\\Users\\tsousasilva\\.m2\\repository\\org\\apache\\xmlbeans\\xmlbeans\\5.1.1\\xmlbeans-5.1.1.jar;C:\\Users\\tsousasilva\\.m2\\repository\\org\\apache\\pdfbox\\pdfbox\\2.0.27\\pdfbox-2.0.27.jar;C:\\Users\\tsousasilva\\.m2\\repository\\org\\apache\\pdfbox\\fontbox\\2.0.27\\fontbox-2.0.27.jar;C:\\Users\\tsousasilva\\.m2\\repository\\com\\google\\code\\gson\\gson\\2.10.1\\gson-2.10.1.jar;C:\\Users\\tsousasilva\\.m2\\repository\\com\\opencsv\\opencsv\\5.6\\opencsv-5.6.jar;C:\\Users\\tsousasilva\\.m2\\repository\\com\\twelvemonkeys\\imageio\\imageio-tiff\\3.11.0\\imageio-tiff-3.11.0.jar" -classpath "C:\Users\tsousasilva\Desktop\projects\sorter-fx\2.0.0\sorterFx.exe;C:\Users\tsousasilva\Desktop\projects\sorter-fx\2.0.0\target\classes" app.App
Args length:	4216/32768 chars
Exit code:	0


Version:	3.50
CmdLine:	C:\Users\tsousasilva\Desktop\projects\sorter-fx\2.0.0\sorterFx.exe --l4j-debug
JNI:		No
WOW64:		Yes
Working dir:	C:\Users\tsousasilva\Desktop\projects\sorter-fx\2.0.0\.
Requires JDK:	No
Requires 64-Bit: No
Java min ver:	1.022.000_002
Java max ver:	
Substitute:	PATH = C:\Windows\system32;C:\Windows;C:\Windows\System32\Wbem;C:\Windows\System32\WindowsPowerShell\v1.0\;C:\Windows\System32\OpenSSH\;C:\Program Files\PuTTY\;C:\php-7.4.33-nts-Win32-vc15-x64\php.exe;C:\Program Files\SourceGear\Common\DiffMerge\;C:\Maven\apache-maven-3.9.8\bin;C:\MinGW\bin;C:\Program Files\dotnet\;C:\Program Files (x86)\WiX Toolset v3.14\bin;C:\Program Files\Git\cmd;C:\Java\jdk22\bin;C:\Java\jdk11\bin;C:\Java\jdk08\bin;C:\Users\tsousasilva\AppData\Local\Android\Sdk\platform-tools;C:\Users\tsousasilva\AppData\Local\Microsoft\WindowsApps;C:\Users\tsousasilva\AppData\Local\Programs\Microsoft VS Code\bin;C:\Users\tsousasilva\.dotnet\tools;C:\Java\jdk22\bin
JRE paths:	C:\Java\jdk22;C:\Windows\system32;C:\Windows;C:\Windows\System32\Wbem;C:\Windows\System32\WindowsPowerShell\v1.0\;C:\Windows\System32\OpenSSH\;C:\Program Files\PuTTY\;C:\php-7.4.33-nts-Win32-vc15-x64\php.exe;C:\Program Files\SourceGear\Common\DiffMerge\;C:\Maven\apache-maven-3.9.8\bin;C:\MinGW\bin;C:\Program Files\dotnet\;C:\Program Files (x86)\WiX Toolset v3.14\bin;C:\Program Files\Git\cmd;C:\Java\jdk22\bin;C:\Java\jdk11\bin;C:\Java\jdk08\bin;C:\Users\tsousasilva\AppData\Local\Android\Sdk\platform-tools;C:\Users\tsousasilva\AppData\Local\Microsoft\WindowsApps;C:\Users\tsousasilva\AppData\Local\Programs\Microsoft VS Code\bin;C:\Users\tsousasilva\.dotnet\tools;C:\Java\jdk22\bin;
Check launcher:	C:\Java\jdk22\bin\javaw.exe (OK)
Version string: 1.022.000_002 / 64-Bit (OK)
Main class:	app.App
Add classpath:	C:\Users\tsousasilva\Desktop\projects\sorter-fx\2.0.0\target\classes
Launcher:	C:\Java\jdk22\bin\javaw.exe
Launcher args:	--module-path C:/Java/javafx-sdk-22.0.2/lib --add-modules javafx.controls,javafx.fxml --enable-preview -XX:+ShowCodeDetailsInExceptionMessages -cp "C:\\Users\\tsousasilva\\.m2\\repository\\org\\openjfx\\javafx-controls\\22.0.2\\javafx-controls-22.0.2.jar;C:\\Users\\tsousasilva\\.m2\\repository\\org\\openjfx\\javafx-graphics\\22.0.2\\javafx-graphics-22.0.2.jar;C:\\Users\\tsousasilva\\.m2\\repository\\org\\openjfx\\javafx-base\\22.0.2\\javafx-base-22.0.2.jar;C:\\Users\\tsousasilva\\.m2\\repository\\org\\openjfx\\javafx-fxml\\22.0.2\\javafx-fxml-22.0.2.jar;C:\\Users\\tsousasilva\\.m2\\repository\\org\\openjfx\\javafx-swing\\22.0.2\\javafx-swing-22.0.2.jar;C:\\Users\\tsousasilva\\.m2\\repository\\com\\github\\virtuald\\curvesapi\\1.07\\curvesapi-1.07.jar;C:\\Users\\tsousasilva\\.m2\\repository\\commons-logging\\commons-logging\\1.2\\commons-logging-1.2.jar;C:\\Users\\tsousasilva\\.m2\\repository\\org\\apache\\commons\\commons-lang3\\3.12.0\\commons-lang3-3.12.0.jar;C:\\Users\\tsousasilva\\.m2\\repository\\org\\apache\\commons\\commons-text\\1.9\\commons-text-1.9.jar;C:\\Users\\tsousasilva\\.m2\\repository\\commons-beanutils\\commons-beanutils\\1.9.4\\commons-beanutils-1.9.4.jar;C:\\Users\\tsousasilva\\.m2\\repository\\commons-collections\\commons-collections\\3.2.2\\commons-collections-3.2.2.jar;C:\\Users\\tsousasilva\\.m2\\repository\\com\\twelvemonkeys\\imageio\\imageio-metadata\\3.11.0\\imageio-metadata-3.11.0.jar;C:\\Users\\tsousasilva\\.m2\\repository\\com\\twelvemonkeys\\common\\common-lang\\3.11.0\\common-lang-3.11.0.jar;C:\\Users\\tsousasilva\\.m2\\repository\\com\\twelvemonkeys\\common\\common-io\\3.11.0\\common-io-3.11.0.jar;C:\\Users\\tsousasilva\\.m2\\repository\\com\\twelvemonkeys\\common\\common-image\\3.11.0\\common-image-3.11.0.jar;C:\\Users\\tsousasilva\\.m2\\repository\\com\\twelvemonkeys\\imageio\\imageio-core\\3.11.0\\imageio-core-3.11.0.jar" --module-path "C:\\Users\\tsousasilva\\.m2\\repository\\org\\openjfx\\javafx-controls\\22.0.2\\javafx-controls-22.0.2-win.jar;C:\\Users\\tsousasilva\\.m2\\repository\\org\\openjfx\\javafx-graphics\\22.0.2\\javafx-graphics-22.0.2-win.jar;C:\\Users\\tsousasilva\\.m2\\repository\\org\\openjfx\\javafx-base\\22.0.2\\javafx-base-22.0.2-win.jar;C:\\Users\\tsousasilva\\.m2\\repository\\org\\openjfx\\javafx-fxml\\22.0.2\\javafx-fxml-22.0.2-win.jar;C:\\Users\\tsousasilva\\.m2\\repository\\org\\openjfx\\javafx-swing\\22.0.2\\javafx-swing-22.0.2-win.jar;C:\\Users\\tsousasilva\\.m2\\repository\\org\\apache\\poi\\poi\\5.2.3\\poi-5.2.3.jar;C:\\Users\\tsousasilva\\.m2\\repository\\commons-codec\\commons-codec\\1.15\\commons-codec-1.15.jar;C:\\Users\\tsousasilva\\.m2\\repository\\org\\apache\\commons\\commons-collections4\\4.4\\commons-collections4-4.4.jar;C:\\Users\\tsousasilva\\.m2\\repository\\org\\apache\\commons\\commons-math3\\3.6.1\\commons-math3-3.6.1.jar;C:\\Users\\tsousasilva\\.m2\\repository\\commons-io\\commons-io\\2.11.0\\commons-io-2.11.0.jar;C:\\Users\\tsousasilva\\.m2\\repository\\com\\zaxxer\\SparseBitSet\\1.2\\SparseBitSet-1.2.jar;C:\\Users\\tsousasilva\\.m2\\repository\\org\\apache\\logging\\log4j\\log4j-api\\2.18.0\\log4j-api-2.18.0.jar;C:\\Users\\tsousasilva\\.m2\\repository\\org\\apache\\poi\\poi-ooxml\\5.2.3\\poi-ooxml-5.2.3.jar;C:\\Users\\tsousasilva\\.m2\\repository\\org\\apache\\poi\\poi-ooxml-lite\\5.2.3\\poi-ooxml-lite-5.2.3.jar;C:\\Users\\tsousasilva\\.m2\\repository\\org\\apache\\commons\\commons-compress\\1.21\\commons-compress-1.21.jar;C:\\Users\\tsousasilva\\.m2\\repository\\org\\apache\\xmlbeans\\xmlbeans\\5.1.1\\xmlbeans-5.1.1.jar;C:\\Users\\tsousasilva\\.m2\\repository\\org\\apache\\pdfbox\\pdfbox\\2.0.27\\pdfbox-2.0.27.jar;C:\\Users\\tsousasilva\\.m2\\repository\\org\\apache\\pdfbox\\fontbox\\2.0.27\\fontbox-2.0.27.jar;C:\\Users\\tsousasilva\\.m2\\repository\\com\\google\\code\\gson\\gson\\2.10.1\\gson-2.10.1.jar;C:\\Users\\tsousasilva\\.m2\\repository\\com\\opencsv\\opencsv\\5.6\\opencsv-5.6.jar;C:\\Users\\tsousasilva\\.m2\\repository\\com\\twelvemonkeys\\imageio\\imageio-tiff\\3.11.0\\imageio-tiff-3.11.0.jar" -classpath "C:\Users\tsousasilva\Desktop\projects\sorter-fx\2.0.0\sorterFx.exe;C:\Users\tsousasilva\Desktop\projects\sorter-fx\2.0.0\target\classes" app.App
Args length:	4216/32768 chars
Exit code:	0


Version:	3.50
CmdLine:	C:\Users\tsousasilva\Desktop\projects\sorter-fx\2.0.0\sorterFx.exe --l4j-debug
JNI:		No
WOW64:		Yes
Working dir:	C:\Users\tsousasilva\Desktop\projects\sorter-fx\2.0.0\.
Requires JDK:	No
Requires 64-Bit: No
Java min ver:	1.022.000_002
Java max ver:	
Substitute:	PATH = C:\Windows\system32;C:\Windows;C:\Windows\System32\Wbem;C:\Windows\System32\WindowsPowerShell\v1.0\;C:\Windows\System32\OpenSSH\;C:\Program Files\PuTTY\;C:\php-7.4.33-nts-Win32-vc15-x64\php.exe;C:\Program Files\SourceGear\Common\DiffMerge\;C:\Maven\apache-maven-3.9.8\bin;C:\MinGW\bin;C:\Program Files\dotnet\;C:\Program Files (x86)\WiX Toolset v3.14\bin;C:\Program Files\Git\cmd;C:\Java\jdk22\bin;C:\Java\jdk11\bin;C:\Java\jdk08\bin;C:\Users\tsousasilva\AppData\Local\Android\Sdk\platform-tools;C:\Users\tsousasilva\AppData\Local\Microsoft\WindowsApps;C:\Users\tsousasilva\AppData\Local\Programs\Microsoft VS Code\bin;C:\Users\tsousasilva\.dotnet\tools;C:\Java\jdk22\bin
JRE paths:	C:\Java\jdk22;C:\Windows\system32;C:\Windows;C:\Windows\System32\Wbem;C:\Windows\System32\WindowsPowerShell\v1.0\;C:\Windows\System32\OpenSSH\;C:\Program Files\PuTTY\;C:\php-7.4.33-nts-Win32-vc15-x64\php.exe;C:\Program Files\SourceGear\Common\DiffMerge\;C:\Maven\apache-maven-3.9.8\bin;C:\MinGW\bin;C:\Program Files\dotnet\;C:\Program Files (x86)\WiX Toolset v3.14\bin;C:\Program Files\Git\cmd;C:\Java\jdk22\bin;C:\Java\jdk11\bin;C:\Java\jdk08\bin;C:\Users\tsousasilva\AppData\Local\Android\Sdk\platform-tools;C:\Users\tsousasilva\AppData\Local\Microsoft\WindowsApps;C:\Users\tsousasilva\AppData\Local\Programs\Microsoft VS Code\bin;C:\Users\tsousasilva\.dotnet\tools;C:\Java\jdk22\bin;
Check launcher:	C:\Java\jdk22\bin\javaw.exe (OK)
Version string: 1.022.000_002 / 64-Bit (OK)
Main class:	app.App
Add classpath:	C:\Users\tsousasilva\Desktop\projects\sorter-fx\2.0.0\target\classes
Launcher:	C:\Java\jdk22\bin\javaw.exe
Launcher args:	--module-path C:/Java/javafx-sdk-22.0.2/lib --add-modules javafx.controls,javafx.fxml --enable-preview -XX:+ShowCodeDetailsInExceptionMessages -cp "C:\\Users\\tsousasilva\\.m2\\repository\\org\\openjfx\\javafx-controls\\22.0.2\\javafx-controls-22.0.2.jar;C:\\Users\\tsousasilva\\.m2\\repository\\org\\openjfx\\javafx-graphics\\22.0.2\\javafx-graphics-22.0.2.jar;C:\\Users\\tsousasilva\\.m2\\repository\\org\\openjfx\\javafx-base\\22.0.2\\javafx-base-22.0.2.jar;C:\\Users\\tsousasilva\\.m2\\repository\\org\\openjfx\\javafx-fxml\\22.0.2\\javafx-fxml-22.0.2.jar;C:\\Users\\tsousasilva\\.m2\\repository\\org\\openjfx\\javafx-swing\\22.0.2\\javafx-swing-22.0.2.jar;C:\\Users\\tsousasilva\\.m2\\repository\\com\\github\\virtuald\\curvesapi\\1.07\\curvesapi-1.07.jar;C:\\Users\\tsousasilva\\.m2\\repository\\commons-logging\\commons-logging\\1.2\\commons-logging-1.2.jar;C:\\Users\\tsousasilva\\.m2\\repository\\org\\apache\\commons\\commons-lang3\\3.12.0\\commons-lang3-3.12.0.jar;C:\\Users\\tsousasilva\\.m2\\repository\\org\\apache\\commons\\commons-text\\1.9\\commons-text-1.9.jar;C:\\Users\\tsousasilva\\.m2\\repository\\commons-beanutils\\commons-beanutils\\1.9.4\\commons-beanutils-1.9.4.jar;C:\\Users\\tsousasilva\\.m2\\repository\\commons-collections\\commons-collections\\3.2.2\\commons-collections-3.2.2.jar;C:\\Users\\tsousasilva\\.m2\\repository\\com\\twelvemonkeys\\imageio\\imageio-metadata\\3.11.0\\imageio-metadata-3.11.0.jar;C:\\Users\\tsousasilva\\.m2\\repository\\com\\twelvemonkeys\\common\\common-lang\\3.11.0\\common-lang-3.11.0.jar;C:\\Users\\tsousasilva\\.m2\\repository\\com\\twelvemonkeys\\common\\common-io\\3.11.0\\common-io-3.11.0.jar;C:\\Users\\tsousasilva\\.m2\\repository\\com\\twelvemonkeys\\common\\common-image\\3.11.0\\common-image-3.11.0.jar;C:\\Users\\tsousasilva\\.m2\\repository\\com\\twelvemonkeys\\imageio\\imageio-core\\3.11.0\\imageio-core-3.11.0.jar" --module-path "C:\\Users\\tsousasilva\\.m2\\repository\\org\\openjfx\\javafx-controls\\22.0.2\\javafx-controls-22.0.2-win.jar;C:\\Users\\tsousasilva\\.m2\\repository\\org\\openjfx\\javafx-graphics\\22.0.2\\javafx-graphics-22.0.2-win.jar;C:\\Users\\tsousasilva\\.m2\\repository\\org\\openjfx\\javafx-base\\22.0.2\\javafx-base-22.0.2-win.jar;C:\\Users\\tsousasilva\\.m2\\repository\\org\\openjfx\\javafx-fxml\\22.0.2\\javafx-fxml-22.0.2-win.jar;C:\\Users\\tsousasilva\\.m2\\repository\\org\\openjfx\\javafx-swing\\22.0.2\\javafx-swing-22.0.2-win.jar;C:\\Users\\tsousasilva\\.m2\\repository\\org\\apache\\poi\\poi\\5.2.3\\poi-5.2.3.jar;C:\\Users\\tsousasilva\\.m2\\repository\\commons-codec\\commons-codec\\1.15\\commons-codec-1.15.jar;C:\\Users\\tsousasilva\\.m2\\repository\\org\\apache\\commons\\commons-collections4\\4.4\\commons-collections4-4.4.jar;C:\\Users\\tsousasilva\\.m2\\repository\\org\\apache\\commons\\commons-math3\\3.6.1\\commons-math3-3.6.1.jar;C:\\Users\\tsousasilva\\.m2\\repository\\commons-io\\commons-io\\2.11.0\\commons-io-2.11.0.jar;C:\\Users\\tsousasilva\\.m2\\repository\\com\\zaxxer\\SparseBitSet\\1.2\\SparseBitSet-1.2.jar;C:\\Users\\tsousasilva\\.m2\\repository\\org\\apache\\logging\\log4j\\log4j-api\\2.18.0\\log4j-api-2.18.0.jar;C:\\Users\\tsousasilva\\.m2\\repository\\org\\apache\\poi\\poi-ooxml\\5.2.3\\poi-ooxml-5.2.3.jar;C:\\Users\\tsousasilva\\.m2\\repository\\org\\apache\\poi\\poi-ooxml-lite\\5.2.3\\poi-ooxml-lite-5.2.3.jar;C:\\Users\\tsousasilva\\.m2\\repository\\org\\apache\\commons\\commons-compress\\1.21\\commons-compress-1.21.jar;C:\\Users\\tsousasilva\\.m2\\repository\\org\\apache\\xmlbeans\\xmlbeans\\5.1.1\\xmlbeans-5.1.1.jar;C:\\Users\\tsousasilva\\.m2\\repository\\org\\apache\\pdfbox\\pdfbox\\2.0.27\\pdfbox-2.0.27.jar;C:\\Users\\tsousasilva\\.m2\\repository\\org\\apache\\pdfbox\\fontbox\\2.0.27\\fontbox-2.0.27.jar;C:\\Users\\tsousasilva\\.m2\\repository\\com\\google\\code\\gson\\gson\\2.10.1\\gson-2.10.1.jar;C:\\Users\\tsousasilva\\.m2\\repository\\com\\opencsv\\opencsv\\5.6\\opencsv-5.6.jar;C:\\Users\\tsousasilva\\.m2\\repository\\com\\twelvemonkeys\\imageio\\imageio-tiff\\3.11.0\\imageio-tiff-3.11.0.jar" -classpath "C:\Users\tsousasilva\Desktop\projects\sorter-fx\2.0.0\sorterFx.exe;C:\Users\tsousasilva\Desktop\projects\sorter-fx\2.0.0\target\classes" app.App
Args length:	4216/32768 chars
Exit code:	0


Version:	3.50
CmdLine:	C:\Users\tsousasilva\Desktop\projects\sorter-fx\2.0.0\sorterFx.exe --l4j-debug
JNI:		No
WOW64:		Yes
Working dir:	C:\Users\tsousasilva\Desktop\projects\sorter-fx\2.0.0\.
Requires JDK:	No
Requires 64-Bit: No
Java min ver:	1.022.000_002
Java max ver:	
Substitute:	PATH = C:\Windows\system32;C:\Windows;C:\Windows\System32\Wbem;C:\Windows\System32\WindowsPowerShell\v1.0\;C:\Windows\System32\OpenSSH\;C:\Program Files\PuTTY\;C:\php-7.4.33-nts-Win32-vc15-x64\php.exe;C:\Program Files\SourceGear\Common\DiffMerge\;C:\Maven\apache-maven-3.9.8\bin;C:\MinGW\bin;C:\Program Files\dotnet\;C:\Program Files (x86)\WiX Toolset v3.14\bin;C:\Program Files\Git\cmd;C:\Java\jdk22\bin;C:\Java\jdk11\bin;C:\Java\jdk08\bin;C:\Users\tsousasilva\AppData\Local\Android\Sdk\platform-tools;C:\Users\tsousasilva\AppData\Local\Microsoft\WindowsApps;C:\Users\tsousasilva\AppData\Local\Programs\Microsoft VS Code\bin;C:\Users\tsousasilva\.dotnet\tools;C:\Java\jdk22\bin
JRE paths:	C:\Java\jdk22;C:\Windows\system32;C:\Windows;C:\Windows\System32\Wbem;C:\Windows\System32\WindowsPowerShell\v1.0\;C:\Windows\System32\OpenSSH\;C:\Program Files\PuTTY\;C:\php-7.4.33-nts-Win32-vc15-x64\php.exe;C:\Program Files\SourceGear\Common\DiffMerge\;C:\Maven\apache-maven-3.9.8\bin;C:\MinGW\bin;C:\Program Files\dotnet\;C:\Program Files (x86)\WiX Toolset v3.14\bin;C:\Program Files\Git\cmd;C:\Java\jdk22\bin;C:\Java\jdk11\bin;C:\Java\jdk08\bin;C:\Users\tsousasilva\AppData\Local\Android\Sdk\platform-tools;C:\Users\tsousasilva\AppData\Local\Microsoft\WindowsApps;C:\Users\tsousasilva\AppData\Local\Programs\Microsoft VS Code\bin;C:\Users\tsousasilva\.dotnet\tools;C:\Java\jdk22\bin;
Check launcher:	C:\Java\jdk22\bin\javaw.exe (OK)
Version string: 1.022.000_002 / 64-Bit (OK)
Main class:	app.App
Add classpath:	C:\Users\tsousasilva\Desktop\projects\sorter-fx\2.0.0\target\classes
Launcher:	C:\Java\jdk22\bin\javaw.exe
Launcher args:	--module-path C:/Java/javafx-sdk-22.0.2/lib --add-modules javafx.controls,javafx.fxml --enable-preview -XX:+ShowCodeDetailsInExceptionMessages -cp "C:\\Users\\tsousasilva\\.m2\\repository\\org\\openjfx\\javafx-controls\\22.0.2\\javafx-controls-22.0.2.jar;C:\\Users\\tsousasilva\\.m2\\repository\\org\\openjfx\\javafx-graphics\\22.0.2\\javafx-graphics-22.0.2.jar;C:\\Users\\tsousasilva\\.m2\\repository\\org\\openjfx\\javafx-base\\22.0.2\\javafx-base-22.0.2.jar;C:\\Users\\tsousasilva\\.m2\\repository\\org\\openjfx\\javafx-fxml\\22.0.2\\javafx-fxml-22.0.2.jar;C:\\Users\\tsousasilva\\.m2\\repository\\org\\openjfx\\javafx-swing\\22.0.2\\javafx-swing-22.0.2.jar;C:\\Users\\tsousasilva\\.m2\\repository\\com\\github\\virtuald\\curvesapi\\1.07\\curvesapi-1.07.jar;C:\\Users\\tsousasilva\\.m2\\repository\\commons-logging\\commons-logging\\1.2\\commons-logging-1.2.jar;C:\\Users\\tsousasilva\\.m2\\repository\\org\\apache\\commons\\commons-lang3\\3.12.0\\commons-lang3-3.12.0.jar;C:\\Users\\tsousasilva\\.m2\\repository\\org\\apache\\commons\\commons-text\\1.9\\commons-text-1.9.jar;C:\\Users\\tsousasilva\\.m2\\repository\\commons-beanutils\\commons-beanutils\\1.9.4\\commons-beanutils-1.9.4.jar;C:\\Users\\tsousasilva\\.m2\\repository\\commons-collections\\commons-collections\\3.2.2\\commons-collections-3.2.2.jar;C:\\Users\\tsousasilva\\.m2\\repository\\com\\twelvemonkeys\\imageio\\imageio-metadata\\3.11.0\\imageio-metadata-3.11.0.jar;C:\\Users\\tsousasilva\\.m2\\repository\\com\\twelvemonkeys\\common\\common-lang\\3.11.0\\common-lang-3.11.0.jar;C:\\Users\\tsousasilva\\.m2\\repository\\com\\twelvemonkeys\\common\\common-io\\3.11.0\\common-io-3.11.0.jar;C:\\Users\\tsousasilva\\.m2\\repository\\com\\twelvemonkeys\\common\\common-image\\3.11.0\\common-image-3.11.0.jar;C:\\Users\\tsousasilva\\.m2\\repository\\com\\twelvemonkeys\\imageio\\imageio-core\\3.11.0\\imageio-core-3.11.0.jar" --module-path "C:\\Users\\tsousasilva\\.m2\\repository\\org\\openjfx\\javafx-controls\\22.0.2\\javafx-controls-22.0.2-win.jar;C:\\Users\\tsousasilva\\.m2\\repository\\org\\openjfx\\javafx-graphics\\22.0.2\\javafx-graphics-22.0.2-win.jar;C:\\Users\\tsousasilva\\.m2\\repository\\org\\openjfx\\javafx-base\\22.0.2\\javafx-base-22.0.2-win.jar;C:\\Users\\tsousasilva\\.m2\\repository\\org\\openjfx\\javafx-fxml\\22.0.2\\javafx-fxml-22.0.2-win.jar;C:\\Users\\tsousasilva\\.m2\\repository\\org\\openjfx\\javafx-swing\\22.0.2\\javafx-swing-22.0.2-win.jar;C:\\Users\\tsousasilva\\.m2\\repository\\org\\apache\\poi\\poi\\5.2.3\\poi-5.2.3.jar;C:\\Users\\tsousasilva\\.m2\\repository\\commons-codec\\commons-codec\\1.15\\commons-codec-1.15.jar;C:\\Users\\tsousasilva\\.m2\\repository\\org\\apache\\commons\\commons-collections4\\4.4\\commons-collections4-4.4.jar;C:\\Users\\tsousasilva\\.m2\\repository\\org\\apache\\commons\\commons-math3\\3.6.1\\commons-math3-3.6.1.jar;C:\\Users\\tsousasilva\\.m2\\repository\\commons-io\\commons-io\\2.11.0\\commons-io-2.11.0.jar;C:\\Users\\tsousasilva\\.m2\\repository\\com\\zaxxer\\SparseBitSet\\1.2\\SparseBitSet-1.2.jar;C:\\Users\\tsousasilva\\.m2\\repository\\org\\apache\\logging\\log4j\\log4j-api\\2.18.0\\log4j-api-2.18.0.jar;C:\\Users\\tsousasilva\\.m2\\repository\\org\\apache\\poi\\poi-ooxml\\5.2.3\\poi-ooxml-5.2.3.jar;C:\\Users\\tsousasilva\\.m2\\repository\\org\\apache\\poi\\poi-ooxml-lite\\5.2.3\\poi-ooxml-lite-5.2.3.jar;C:\\Users\\tsousasilva\\.m2\\repository\\org\\apache\\commons\\commons-compress\\1.21\\commons-compress-1.21.jar;C:\\Users\\tsousasilva\\.m2\\repository\\org\\apache\\xmlbeans\\xmlbeans\\5.1.1\\xmlbeans-5.1.1.jar;C:\\Users\\tsousasilva\\.m2\\repository\\org\\apache\\pdfbox\\pdfbox\\2.0.27\\pdfbox-2.0.27.jar;C:\\Users\\tsousasilva\\.m2\\repository\\org\\apache\\pdfbox\\fontbox\\2.0.27\\fontbox-2.0.27.jar;C:\\Users\\tsousasilva\\.m2\\repository\\com\\google\\code\\gson\\gson\\2.10.1\\gson-2.10.1.jar;C:\\Users\\tsousasilva\\.m2\\repository\\com\\opencsv\\opencsv\\5.6\\opencsv-5.6.jar;C:\\Users\\tsousasilva\\.m2\\repository\\com\\twelvemonkeys\\imageio\\imageio-tiff\\3.11.0\\imageio-tiff-3.11.0.jar" -classpath "C:\Users\tsousasilva\Desktop\projects\sorter-fx\2.0.0\sorterFx.exe;C:\Users\tsousasilva\Desktop\projects\sorter-fx\2.0.0\target\classes" app.App
Args length:	4216/32768 chars
Exit code:	0


Version:	3.50
CmdLine:	C:\Users\tsousasilva\Desktop\projects\sorter-fx\2.0.0\sorterFx.exe --l4j-debug
JNI:		No
WOW64:		Yes
Working dir:	C:\Users\tsousasilva\Desktop\projects\sorter-fx\2.0.0\.
Requires JDK:	No
Requires 64-Bit: No
Java min ver:	1.022.000_002
Java max ver:	
Substitute:	PATH = C:\Windows\system32;C:\Windows;C:\Windows\System32\Wbem;C:\Windows\System32\WindowsPowerShell\v1.0\;C:\Windows\System32\OpenSSH\;C:\Program Files\PuTTY\;C:\php-7.4.33-nts-Win32-vc15-x64\php.exe;C:\Program Files\SourceGear\Common\DiffMerge\;C:\Maven\apache-maven-3.9.8\bin;C:\MinGW\bin;C:\Program Files\dotnet\;C:\Program Files (x86)\WiX Toolset v3.14\bin;C:\Program Files\Git\cmd;C:\Java\jdk22\bin;C:\Java\jdk11\bin;C:\Java\jdk08\bin;C:\Users\tsousasilva\AppData\Local\Android\Sdk\platform-tools;C:\Users\tsousasilva\AppData\Local\Microsoft\WindowsApps;C:\Users\tsousasilva\AppData\Local\Programs\Microsoft VS Code\bin;C:\Users\tsousasilva\.dotnet\tools;C:\Java\jdk22\bin
JRE paths:	C:\Java\jdk22;C:\Windows\system32;C:\Windows;C:\Windows\System32\Wbem;C:\Windows\System32\WindowsPowerShell\v1.0\;C:\Windows\System32\OpenSSH\;C:\Program Files\PuTTY\;C:\php-7.4.33-nts-Win32-vc15-x64\php.exe;C:\Program Files\SourceGear\Common\DiffMerge\;C:\Maven\apache-maven-3.9.8\bin;C:\MinGW\bin;C:\Program Files\dotnet\;C:\Program Files (x86)\WiX Toolset v3.14\bin;C:\Program Files\Git\cmd;C:\Java\jdk22\bin;C:\Java\jdk11\bin;C:\Java\jdk08\bin;C:\Users\tsousasilva\AppData\Local\Android\Sdk\platform-tools;C:\Users\tsousasilva\AppData\Local\Microsoft\WindowsApps;C:\Users\tsousasilva\AppData\Local\Programs\Microsoft VS Code\bin;C:\Users\tsousasilva\.dotnet\tools;C:\Java\jdk22\bin;
Check launcher:	C:\Java\jdk22\bin\javaw.exe (OK)
Version string: 1.022.000_002 / 64-Bit (OK)
Main class:	app.App
Add classpath:	C:\Users\tsousasilva\Desktop\projects\sorter-fx\2.0.0\target\classes
Launcher:	C:\Java\jdk22\bin\javaw.exe
Launcher args:	--module-path C:/Java/javafx-sdk-22.0.2/lib --add-modules javafx.controls,javafx.fxml --enable-preview -XX:+ShowCodeDetailsInExceptionMessages -cp "C:\\Users\\tsousasilva\\.m2\\repository\\org\\openjfx\\javafx-controls\\22.0.2\\javafx-controls-22.0.2.jar;C:\\Users\\tsousasilva\\.m2\\repository\\org\\openjfx\\javafx-graphics\\22.0.2\\javafx-graphics-22.0.2.jar;C:\\Users\\tsousasilva\\.m2\\repository\\org\\openjfx\\javafx-base\\22.0.2\\javafx-base-22.0.2.jar;C:\\Users\\tsousasilva\\.m2\\repository\\org\\openjfx\\javafx-fxml\\22.0.2\\javafx-fxml-22.0.2.jar;C:\\Users\\tsousasilva\\.m2\\repository\\org\\openjfx\\javafx-swing\\22.0.2\\javafx-swing-22.0.2.jar;C:\\Users\\tsousasilva\\.m2\\repository\\com\\github\\virtuald\\curvesapi\\1.07\\curvesapi-1.07.jar;C:\\Users\\tsousasilva\\.m2\\repository\\commons-logging\\commons-logging\\1.2\\commons-logging-1.2.jar;C:\\Users\\tsousasilva\\.m2\\repository\\org\\apache\\commons\\commons-lang3\\3.12.0\\commons-lang3-3.12.0.jar;C:\\Users\\tsousasilva\\.m2\\repository\\org\\apache\\commons\\commons-text\\1.9\\commons-text-1.9.jar;C:\\Users\\tsousasilva\\.m2\\repository\\commons-beanutils\\commons-beanutils\\1.9.4\\commons-beanutils-1.9.4.jar;C:\\Users\\tsousasilva\\.m2\\repository\\commons-collections\\commons-collections\\3.2.2\\commons-collections-3.2.2.jar;C:\\Users\\tsousasilva\\.m2\\repository\\com\\twelvemonkeys\\imageio\\imageio-metadata\\3.11.0\\imageio-metadata-3.11.0.jar;C:\\Users\\tsousasilva\\.m2\\repository\\com\\twelvemonkeys\\common\\common-lang\\3.11.0\\common-lang-3.11.0.jar;C:\\Users\\tsousasilva\\.m2\\repository\\com\\twelvemonkeys\\common\\common-io\\3.11.0\\common-io-3.11.0.jar;C:\\Users\\tsousasilva\\.m2\\repository\\com\\twelvemonkeys\\common\\common-image\\3.11.0\\common-image-3.11.0.jar;C:\\Users\\tsousasilva\\.m2\\repository\\com\\twelvemonkeys\\imageio\\imageio-core\\3.11.0\\imageio-core-3.11.0.jar" --module-path "C:\\Users\\tsousasilva\\.m2\\repository\\org\\openjfx\\javafx-controls\\22.0.2\\javafx-controls-22.0.2-win.jar;C:\\Users\\tsousasilva\\.m2\\repository\\org\\openjfx\\javafx-graphics\\22.0.2\\javafx-graphics-22.0.2-win.jar;C:\\Users\\tsousasilva\\.m2\\repository\\org\\openjfx\\javafx-base\\22.0.2\\javafx-base-22.0.2-win.jar;C:\\Users\\tsousasilva\\.m2\\repository\\org\\openjfx\\javafx-fxml\\22.0.2\\javafx-fxml-22.0.2-win.jar;C:\\Users\\tsousasilva\\.m2\\repository\\org\\openjfx\\javafx-swing\\22.0.2\\javafx-swing-22.0.2-win.jar;C:\\Users\\tsousasilva\\.m2\\repository\\org\\apache\\poi\\poi\\5.2.3\\poi-5.2.3.jar;C:\\Users\\tsousasilva\\.m2\\repository\\commons-codec\\commons-codec\\1.15\\commons-codec-1.15.jar;C:\\Users\\tsousasilva\\.m2\\repository\\org\\apache\\commons\\commons-collections4\\4.4\\commons-collections4-4.4.jar;C:\\Users\\tsousasilva\\.m2\\repository\\org\\apache\\commons\\commons-math3\\3.6.1\\commons-math3-3.6.1.jar;C:\\Users\\tsousasilva\\.m2\\repository\\commons-io\\commons-io\\2.11.0\\commons-io-2.11.0.jar;C:\\Users\\tsousasilva\\.m2\\repository\\com\\zaxxer\\SparseBitSet\\1.2\\SparseBitSet-1.2.jar;C:\\Users\\tsousasilva\\.m2\\repository\\org\\apache\\logging\\log4j\\log4j-api\\2.18.0\\log4j-api-2.18.0.jar;C:\\Users\\tsousasilva\\.m2\\repository\\org\\apache\\poi\\poi-ooxml\\5.2.3\\poi-ooxml-5.2.3.jar;C:\\Users\\tsousasilva\\.m2\\repository\\org\\apache\\poi\\poi-ooxml-lite\\5.2.3\\poi-ooxml-lite-5.2.3.jar;C:\\Users\\tsousasilva\\.m2\\repository\\org\\apache\\commons\\commons-compress\\1.21\\commons-compress-1.21.jar;C:\\Users\\tsousasilva\\.m2\\repository\\org\\apache\\xmlbeans\\xmlbeans\\5.1.1\\xmlbeans-5.1.1.jar;C:\\Users\\tsousasilva\\.m2\\repository\\org\\apache\\pdfbox\\pdfbox\\2.0.27\\pdfbox-2.0.27.jar;C:\\Users\\tsousasilva\\.m2\\repository\\org\\apache\\pdfbox\\fontbox\\2.0.27\\fontbox-2.0.27.jar;C:\\Users\\tsousasilva\\.m2\\repository\\com\\google\\code\\gson\\gson\\2.10.1\\gson-2.10.1.jar;C:\\Users\\tsousasilva\\.m2\\repository\\com\\opencsv\\opencsv\\5.6\\opencsv-5.6.jar;C:\\Users\\tsousasilva\\.m2\\repository\\com\\twelvemonkeys\\imageio\\imageio-tiff\\3.11.0\\imageio-tiff-3.11.0.jar" -classpath "C:\Users\tsousasilva\Desktop\projects\sorter-fx\2.0.0\sorterFx.exe;C:\Users\tsousasilva\Desktop\projects\sorter-fx\2.0.0\target\classes" app.App
Args length:	4216/32768 chars
Exit code:	0
